14-Sep-2017 12:50:47.296 INFORMA합ES [main] org.apache.catalina.startup.VersionLoggerListener.log Server version:        Apache Tomcat/9.0.0.M26
14-Sep-2017 12:50:47.374 INFORMA합ES [main] org.apache.catalina.startup.VersionLoggerListener.log Server built:          Aug 2 2017 20:29:05 UTC
14-Sep-2017 12:50:47.374 INFORMA합ES [main] org.apache.catalina.startup.VersionLoggerListener.log Server number:         9.0.0.0
14-Sep-2017 12:50:47.374 INFORMA합ES [main] org.apache.catalina.startup.VersionLoggerListener.log OS Name:               Windows 10
14-Sep-2017 12:50:47.374 INFORMA합ES [main] org.apache.catalina.startup.VersionLoggerListener.log OS Version:            10.0
14-Sep-2017 12:50:47.374 INFORMA합ES [main] org.apache.catalina.startup.VersionLoggerListener.log Architecture:          amd64
14-Sep-2017 12:50:47.374 INFORMA합ES [main] org.apache.catalina.startup.VersionLoggerListener.log Java Home:             C:\Program Files\Java\jdk1.8.0_144\jre
14-Sep-2017 12:50:47.374 INFORMA합ES [main] org.apache.catalina.startup.VersionLoggerListener.log JVM Version:           1.8.0_144-b01
14-Sep-2017 12:50:47.374 INFORMA합ES [main] org.apache.catalina.startup.VersionLoggerListener.log JVM Vendor:            Oracle Corporation
14-Sep-2017 12:50:47.374 INFORMA합ES [main] org.apache.catalina.startup.VersionLoggerListener.log CATALINA_BASE:         D:\Professores\Jorge Rabello\Java\tomcat
14-Sep-2017 12:50:47.374 INFORMA합ES [main] org.apache.catalina.startup.VersionLoggerListener.log CATALINA_HOME:         D:\Professores\Jorge Rabello\Java\tomcat
14-Sep-2017 12:50:47.374 INFORMA합ES [main] org.apache.catalina.startup.VersionLoggerListener.log Command line argument: -Djava.util.logging.config.file=D:\Professores\Jorge Rabello\Java\tomcat\conf\logging.properties
14-Sep-2017 12:50:47.374 INFORMA합ES [main] org.apache.catalina.startup.VersionLoggerListener.log Command line argument: -Djava.util.logging.manager=org.apache.juli.ClassLoaderLogManager
14-Sep-2017 12:50:47.374 INFORMA합ES [main] org.apache.catalina.startup.VersionLoggerListener.log Command line argument: -Djdk.tls.ephemeralDHKeySize=2048
14-Sep-2017 12:50:47.374 INFORMA합ES [main] org.apache.catalina.startup.VersionLoggerListener.log Command line argument: -Djava.protocol.handler.pkgs=org.apache.catalina.webresources
14-Sep-2017 12:50:47.374 INFORMA합ES [main] org.apache.catalina.startup.VersionLoggerListener.log Command line argument: -Dcatalina.base=D:\Professores\Jorge Rabello\Java\tomcat
14-Sep-2017 12:50:47.374 INFORMA합ES [main] org.apache.catalina.startup.VersionLoggerListener.log Command line argument: -Dcatalina.home=D:\Professores\Jorge Rabello\Java\tomcat
14-Sep-2017 12:50:47.374 INFORMA합ES [main] org.apache.catalina.startup.VersionLoggerListener.log Command line argument: -Djava.io.tmpdir=D:\Professores\Jorge Rabello\Java\tomcat\temp
14-Sep-2017 12:50:47.374 INFORMA합ES [main] org.apache.catalina.core.AprLifecycleListener.lifecycleEvent Loaded APR based Apache Tomcat Native library [1.2.12] using APR version [1.5.2].
14-Sep-2017 12:50:47.374 INFORMA합ES [main] org.apache.catalina.core.AprLifecycleListener.lifecycleEvent APR capabilities: IPv6 [true], sendfile [true], accept filters [false], random [true].
14-Sep-2017 12:50:47.374 INFORMA합ES [main] org.apache.catalina.core.AprLifecycleListener.lifecycleEvent APR/OpenSSL configuration: useAprConnector [false], useOpenSSL [true]
14-Sep-2017 12:50:47.923 INFORMA합ES [main] org.apache.catalina.core.AprLifecycleListener.initializeSSL OpenSSL successfully initialized [OpenSSL 1.0.2k  26 Jan 2017]
14-Sep-2017 12:50:49.085 INFORMA합ES [main] org.apache.coyote.AbstractProtocol.init Initializing ProtocolHandler ["http-nio-8080"]
14-Sep-2017 12:50:49.522 INFORMA합ES [main] org.apache.tomcat.util.net.NioSelectorPool.getSharedSelector Using a shared selector for servlet write/read
14-Sep-2017 12:50:49.522 INFORMA합ES [main] org.apache.coyote.AbstractProtocol.init Initializing ProtocolHandler ["ajp-nio-8009"]
14-Sep-2017 12:50:49.522 INFORMA합ES [main] org.apache.tomcat.util.net.NioSelectorPool.getSharedSelector Using a shared selector for servlet write/read
14-Sep-2017 12:50:49.522 INFORMA합ES [main] org.apache.catalina.startup.Catalina.load Initialization processed in 3131 ms
14-Sep-2017 12:50:49.618 INFORMA합ES [main] org.apache.catalina.core.StandardService.startInternal Starting service [Catalina]
14-Sep-2017 12:50:49.618 INFORMA합ES [main] org.apache.catalina.core.StandardEngine.startInternal Starting Servlet Engine: Apache Tomcat/9.0.0.M26
14-Sep-2017 12:50:49.618 INFORMA합ES [main] org.apache.catalina.startup.HostConfig.deployDirectory Deploying web application directory [D:\Professores\Jorge Rabello\Java\tomcat\webapps\docs]
14-Sep-2017 12:50:50.480 INFORMA합ES [main] org.apache.catalina.startup.HostConfig.deployDirectory Deployment of web application directory [D:\Professores\Jorge Rabello\Java\tomcat\webapps\docs] has finished in [862] ms
14-Sep-2017 12:50:50.480 INFORMA합ES [main] org.apache.catalina.startup.HostConfig.deployDirectory Deploying web application directory [D:\Professores\Jorge Rabello\Java\tomcat\webapps\examples]
14-Sep-2017 12:50:51.091 INFORMA합ES [main] org.apache.catalina.startup.HostConfig.deployDirectory Deployment of web application directory [D:\Professores\Jorge Rabello\Java\tomcat\webapps\examples] has finished in [611] ms
14-Sep-2017 12:50:51.091 INFORMA합ES [main] org.apache.catalina.startup.HostConfig.deployDirectory Deploying web application directory [D:\Professores\Jorge Rabello\Java\tomcat\webapps\host-manager]
14-Sep-2017 12:50:51.122 INFORMA합ES [main] org.apache.catalina.startup.HostConfig.deployDirectory Deployment of web application directory [D:\Professores\Jorge Rabello\Java\tomcat\webapps\host-manager] has finished in [31] ms
14-Sep-2017 12:50:51.122 INFORMA합ES [main] org.apache.catalina.startup.HostConfig.deployDirectory Deploying web application directory [D:\Professores\Jorge Rabello\Java\tomcat\webapps\manager]
14-Sep-2017 12:50:51.138 INFORMA합ES [main] org.apache.catalina.startup.HostConfig.deployDirectory Deployment of web application directory [D:\Professores\Jorge Rabello\Java\tomcat\webapps\manager] has finished in [16] ms
14-Sep-2017 12:50:51.138 INFORMA합ES [main] org.apache.catalina.startup.HostConfig.deployDirectory Deploying web application directory [D:\Professores\Jorge Rabello\Java\tomcat\webapps\ROOT]
14-Sep-2017 12:50:51.169 INFORMA합ES [main] org.apache.catalina.startup.HostConfig.deployDirectory Deployment of web application directory [D:\Professores\Jorge Rabello\Java\tomcat\webapps\ROOT] has finished in [31] ms
14-Sep-2017 12:50:51.169 INFORMA합ES [main] org.apache.coyote.AbstractProtocol.start Starting ProtocolHandler ["http-nio-8080"]
14-Sep-2017 12:50:51.169 INFORMA합ES [main] org.apache.coyote.AbstractProtocol.start Starting ProtocolHandler ["ajp-nio-8009"]
14-Sep-2017 12:50:51.169 INFORMA합ES [main] org.apache.catalina.startup.Catalina.start Server startup in 1645 ms
14-Sep-2017 12:53:33.080 INFORMA합ES [main] org.apache.catalina.core.StandardServer.await A valid shutdown command was received via the shutdown port. Stopping the Server instance.
14-Sep-2017 12:53:33.080 INFORMA합ES [main] org.apache.coyote.AbstractProtocol.pause Pausing ProtocolHandler ["http-nio-8080"]
14-Sep-2017 12:53:33.158 INFORMA합ES [main] org.apache.coyote.AbstractProtocol.pause Pausing ProtocolHandler ["ajp-nio-8009"]
14-Sep-2017 12:53:33.220 INFORMA합ES [main] org.apache.catalina.core.StandardService.stopInternal Stopping service [Catalina]
14-Sep-2017 12:53:33.267 INFORMA합ES [main] org.apache.coyote.AbstractProtocol.stop Stopping ProtocolHandler ["http-nio-8080"]
14-Sep-2017 12:53:33.267 INFORMA합ES [main] org.apache.coyote.AbstractProtocol.stop Stopping ProtocolHandler ["ajp-nio-8009"]
14-Sep-2017 12:53:33.267 INFORMA합ES [main] org.apache.coyote.AbstractProtocol.destroy Destroying ProtocolHandler ["http-nio-8080"]
14-Sep-2017 12:53:33.283 INFORMA합ES [main] org.apache.coyote.AbstractProtocol.destroy Destroying ProtocolHandler ["ajp-nio-8009"]
14-Sep-2017 12:53:35.559 INFORMA합ES [main] org.apache.catalina.startup.VersionLoggerListener.log Server version:        Apache Tomcat/9.0.0.M26
14-Sep-2017 12:53:35.574 INFORMA합ES [main] org.apache.catalina.startup.VersionLoggerListener.log Server built:          Aug 2 2017 20:29:05 UTC
14-Sep-2017 12:53:35.574 INFORMA합ES [main] org.apache.catalina.startup.VersionLoggerListener.log Server number:         9.0.0.0
14-Sep-2017 12:53:35.574 INFORMA합ES [main] org.apache.catalina.startup.VersionLoggerListener.log OS Name:               Windows 10
14-Sep-2017 12:53:35.574 INFORMA합ES [main] org.apache.catalina.startup.VersionLoggerListener.log OS Version:            10.0
14-Sep-2017 12:53:35.574 INFORMA합ES [main] org.apache.catalina.startup.VersionLoggerListener.log Architecture:          amd64
14-Sep-2017 12:53:35.574 INFORMA합ES [main] org.apache.catalina.startup.VersionLoggerListener.log Java Home:             C:\Program Files\Java\jdk1.8.0_144\jre
14-Sep-2017 12:53:35.574 INFORMA합ES [main] org.apache.catalina.startup.VersionLoggerListener.log JVM Version:           1.8.0_144-b01
14-Sep-2017 12:53:35.574 INFORMA합ES [main] org.apache.catalina.startup.VersionLoggerListener.log JVM Vendor:            Oracle Corporation
14-Sep-2017 12:53:35.574 INFORMA합ES [main] org.apache.catalina.startup.VersionLoggerListener.log CATALINA_BASE:         D:\Professores\Jorge Rabello\Java\tomcat
14-Sep-2017 12:53:35.574 INFORMA합ES [main] org.apache.catalina.startup.VersionLoggerListener.log CATALINA_HOME:         D:\Professores\Jorge Rabello\Java\tomcat
14-Sep-2017 12:53:35.574 INFORMA합ES [main] org.apache.catalina.startup.VersionLoggerListener.log Command line argument: -Djava.util.logging.config.file=D:\Professores\Jorge Rabello\Java\tomcat\conf\logging.properties
14-Sep-2017 12:53:35.574 INFORMA합ES [main] org.apache.catalina.startup.VersionLoggerListener.log Command line argument: -Djava.util.logging.manager=org.apache.juli.ClassLoaderLogManager
14-Sep-2017 12:53:35.574 INFORMA합ES [main] org.apache.catalina.startup.VersionLoggerListener.log Command line argument: -Djdk.tls.ephemeralDHKeySize=2048
14-Sep-2017 12:53:35.574 INFORMA합ES [main] org.apache.catalina.startup.VersionLoggerListener.log Command line argument: -Djava.protocol.handler.pkgs=org.apache.catalina.webresources
14-Sep-2017 12:53:35.574 INFORMA합ES [main] org.apache.catalina.startup.VersionLoggerListener.log Command line argument: -Dcatalina.base=D:\Professores\Jorge Rabello\Java\tomcat
14-Sep-2017 12:53:35.574 INFORMA합ES [main] org.apache.catalina.startup.VersionLoggerListener.log Command line argument: -Dcatalina.home=D:\Professores\Jorge Rabello\Java\tomcat
14-Sep-2017 12:53:35.574 INFORMA합ES [main] org.apache.catalina.startup.VersionLoggerListener.log Command line argument: -Djava.io.tmpdir=D:\Professores\Jorge Rabello\Java\tomcat\temp
14-Sep-2017 12:53:35.574 INFORMA합ES [main] org.apache.catalina.core.AprLifecycleListener.lifecycleEvent Loaded APR based Apache Tomcat Native library [1.2.12] using APR version [1.5.2].
14-Sep-2017 12:53:35.574 INFORMA합ES [main] org.apache.catalina.core.AprLifecycleListener.lifecycleEvent APR capabilities: IPv6 [true], sendfile [true], accept filters [false], random [true].
14-Sep-2017 12:53:35.574 INFORMA합ES [main] org.apache.catalina.core.AprLifecycleListener.lifecycleEvent APR/OpenSSL configuration: useAprConnector [false], useOpenSSL [true]
14-Sep-2017 12:53:36.138 INFORMA합ES [main] org.apache.catalina.core.AprLifecycleListener.initializeSSL OpenSSL successfully initialized [OpenSSL 1.0.2k  26 Jan 2017]
14-Sep-2017 12:53:36.216 INFORMA합ES [main] org.apache.coyote.AbstractProtocol.init Initializing ProtocolHandler ["http-nio-8080"]
14-Sep-2017 12:53:36.263 INFORMA합ES [main] org.apache.tomcat.util.net.NioSelectorPool.getSharedSelector Using a shared selector for servlet write/read
14-Sep-2017 12:53:36.263 INFORMA합ES [main] org.apache.coyote.AbstractProtocol.init Initializing ProtocolHandler ["ajp-nio-8009"]
14-Sep-2017 12:53:36.263 INFORMA합ES [main] org.apache.tomcat.util.net.NioSelectorPool.getSharedSelector Using a shared selector for servlet write/read
14-Sep-2017 12:53:36.263 INFORMA합ES [main] org.apache.catalina.startup.Catalina.load Initialization processed in 948 ms
14-Sep-2017 12:53:36.294 INFORMA합ES [main] org.apache.catalina.core.StandardService.startInternal Starting service [Catalina]
14-Sep-2017 12:53:36.294 INFORMA합ES [main] org.apache.catalina.core.StandardEngine.startInternal Starting Servlet Engine: Apache Tomcat/9.0.0.M26
14-Sep-2017 12:53:36.294 INFORMA합ES [main] org.apache.catalina.startup.HostConfig.deployDirectory Deploying web application directory [D:\Professores\Jorge Rabello\Java\tomcat\webapps\docs]
14-Sep-2017 12:53:36.551 INFORMA합ES [main] org.apache.catalina.startup.HostConfig.deployDirectory Deployment of web application directory [D:\Professores\Jorge Rabello\Java\tomcat\webapps\docs] has finished in [256] ms
14-Sep-2017 12:53:36.552 INFORMA합ES [main] org.apache.catalina.startup.HostConfig.deployDirectory Deploying web application directory [D:\Professores\Jorge Rabello\Java\tomcat\webapps\examples]
14-Sep-2017 12:53:36.827 INFORMA합ES [main] org.apache.catalina.startup.HostConfig.deployDirectory Deployment of web application directory [D:\Professores\Jorge Rabello\Java\tomcat\webapps\examples] has finished in [275] ms
14-Sep-2017 12:53:36.827 INFORMA합ES [main] org.apache.catalina.startup.HostConfig.deployDirectory Deploying web application directory [D:\Professores\Jorge Rabello\Java\tomcat\webapps\host-manager]
14-Sep-2017 12:53:36.843 INFORMA합ES [main] org.apache.catalina.startup.HostConfig.deployDirectory Deployment of web application directory [D:\Professores\Jorge Rabello\Java\tomcat\webapps\host-manager] has finished in [16] ms
14-Sep-2017 12:53:36.859 INFORMA합ES [main] org.apache.catalina.startup.HostConfig.deployDirectory Deploying web application directory [D:\Professores\Jorge Rabello\Java\tomcat\webapps\manager]
14-Sep-2017 12:53:36.874 INFORMA합ES [main] org.apache.catalina.startup.HostConfig.deployDirectory Deployment of web application directory [D:\Professores\Jorge Rabello\Java\tomcat\webapps\manager] has finished in [15] ms
14-Sep-2017 12:53:36.874 INFORMA합ES [main] org.apache.catalina.startup.HostConfig.deployDirectory Deploying web application directory [D:\Professores\Jorge Rabello\Java\tomcat\webapps\ROOT]
14-Sep-2017 12:53:36.890 INFORMA합ES [main] org.apache.catalina.startup.HostConfig.deployDirectory Deployment of web application directory [D:\Professores\Jorge Rabello\Java\tomcat\webapps\ROOT] has finished in [16] ms
14-Sep-2017 12:53:36.906 INFORMA합ES [main] org.apache.coyote.AbstractProtocol.start Starting ProtocolHandler ["http-nio-8080"]
14-Sep-2017 12:53:36.906 INFORMA합ES [main] org.apache.coyote.AbstractProtocol.start Starting ProtocolHandler ["ajp-nio-8009"]
14-Sep-2017 12:53:36.906 INFORMA합ES [main] org.apache.catalina.startup.Catalina.start Server startup in 645 ms
14-Sep-2017 12:55:45.091 INFORMA합ES [main] org.apache.catalina.core.StandardServer.await A valid shutdown command was received via the shutdown port. Stopping the Server instance.
14-Sep-2017 12:55:45.091 INFORMA합ES [main] org.apache.coyote.AbstractProtocol.pause Pausing ProtocolHandler ["http-nio-8080"]
14-Sep-2017 12:55:45.107 INFORMA합ES [main] org.apache.coyote.AbstractProtocol.pause Pausing ProtocolHandler ["ajp-nio-8009"]
14-Sep-2017 12:55:45.185 INFORMA합ES [main] org.apache.catalina.core.StandardService.stopInternal Stopping service [Catalina]
14-Sep-2017 12:55:45.295 INFORMA합ES [main] org.apache.coyote.AbstractProtocol.stop Stopping ProtocolHandler ["http-nio-8080"]
14-Sep-2017 12:55:45.295 INFORMA합ES [main] org.apache.coyote.AbstractProtocol.stop Stopping ProtocolHandler ["ajp-nio-8009"]
14-Sep-2017 12:55:45.295 INFORMA합ES [main] org.apache.coyote.AbstractProtocol.destroy Destroying ProtocolHandler ["http-nio-8080"]
14-Sep-2017 12:55:45.295 INFORMA합ES [main] org.apache.coyote.AbstractProtocol.destroy Destroying ProtocolHandler ["ajp-nio-8009"]
14-Sep-2017 16:22:25.937 INFORMA합ES [main] org.apache.catalina.startup.VersionLoggerListener.log Server version:        Apache Tomcat/9.0.0.M26
14-Sep-2017 16:22:25.968 INFORMA합ES [main] org.apache.catalina.startup.VersionLoggerListener.log Server built:          Aug 2 2017 20:29:05 UTC
14-Sep-2017 16:22:25.968 INFORMA합ES [main] org.apache.catalina.startup.VersionLoggerListener.log Server number:         9.0.0.0
14-Sep-2017 16:22:25.968 INFORMA합ES [main] org.apache.catalina.startup.VersionLoggerListener.log OS Name:               Windows 10
14-Sep-2017 16:22:25.984 INFORMA합ES [main] org.apache.catalina.startup.VersionLoggerListener.log OS Version:            10.0
14-Sep-2017 16:22:25.984 INFORMA합ES [main] org.apache.catalina.startup.VersionLoggerListener.log Architecture:          amd64
14-Sep-2017 16:22:25.984 INFORMA합ES [main] org.apache.catalina.startup.VersionLoggerListener.log Java Home:             C:\Program Files\Java\jdk1.8.0_144\jre
14-Sep-2017 16:22:25.984 INFORMA합ES [main] org.apache.catalina.startup.VersionLoggerListener.log JVM Version:           1.8.0_144-b01
14-Sep-2017 16:22:25.984 INFORMA합ES [main] org.apache.catalina.startup.VersionLoggerListener.log JVM Vendor:            Oracle Corporation
14-Sep-2017 16:22:25.984 INFORMA합ES [main] org.apache.catalina.startup.VersionLoggerListener.log CATALINA_BASE:         C:\Users\adminLocal\Desktop\workspace\tomcat
14-Sep-2017 16:22:25.984 INFORMA합ES [main] org.apache.catalina.startup.VersionLoggerListener.log CATALINA_HOME:         C:\Users\adminLocal\Desktop\workspace\tomcat
14-Sep-2017 16:22:25.984 INFORMA합ES [main] org.apache.catalina.startup.VersionLoggerListener.log Command line argument: -Djava.util.logging.config.file=C:\Users\adminLocal\Desktop\workspace\tomcat\conf\logging.properties
14-Sep-2017 16:22:25.984 INFORMA합ES [main] org.apache.catalina.startup.VersionLoggerListener.log Command line argument: -Djava.util.logging.manager=org.apache.juli.ClassLoaderLogManager
14-Sep-2017 16:22:25.984 INFORMA합ES [main] org.apache.catalina.startup.VersionLoggerListener.log Command line argument: -Djdk.tls.ephemeralDHKeySize=2048
14-Sep-2017 16:22:25.984 INFORMA합ES [main] org.apache.catalina.startup.VersionLoggerListener.log Command line argument: -Djava.protocol.handler.pkgs=org.apache.catalina.webresources
14-Sep-2017 16:22:25.984 INFORMA합ES [main] org.apache.catalina.startup.VersionLoggerListener.log Command line argument: -Dcatalina.base=C:\Users\adminLocal\Desktop\workspace\tomcat
14-Sep-2017 16:22:25.984 INFORMA합ES [main] org.apache.catalina.startup.VersionLoggerListener.log Command line argument: -Dcatalina.home=C:\Users\adminLocal\Desktop\workspace\tomcat
14-Sep-2017 16:22:25.984 INFORMA합ES [main] org.apache.catalina.startup.VersionLoggerListener.log Command line argument: -Djava.io.tmpdir=C:\Users\adminLocal\Desktop\workspace\tomcat\temp
14-Sep-2017 16:22:25.984 INFORMA합ES [main] org.apache.catalina.core.AprLifecycleListener.lifecycleEvent Loaded APR based Apache Tomcat Native library [1.2.12] using APR version [1.5.2].
14-Sep-2017 16:22:25.984 INFORMA합ES [main] org.apache.catalina.core.AprLifecycleListener.lifecycleEvent APR capabilities: IPv6 [true], sendfile [true], accept filters [false], random [true].
14-Sep-2017 16:22:25.984 INFORMA합ES [main] org.apache.catalina.core.AprLifecycleListener.lifecycleEvent APR/OpenSSL configuration: useAprConnector [false], useOpenSSL [true]
14-Sep-2017 16:22:26.499 INFORMA합ES [main] org.apache.catalina.core.AprLifecycleListener.initializeSSL OpenSSL successfully initialized [OpenSSL 1.0.2k  26 Jan 2017]
14-Sep-2017 16:22:27.421 INFORMA합ES [main] org.apache.coyote.AbstractProtocol.init Initializing ProtocolHandler ["http-nio-8080"]
14-Sep-2017 16:22:27.624 INFORMA합ES [main] org.apache.tomcat.util.net.NioSelectorPool.getSharedSelector Using a shared selector for servlet write/read
14-Sep-2017 16:22:27.624 INFORMA합ES [main] org.apache.coyote.AbstractProtocol.init Initializing ProtocolHandler ["ajp-nio-8009"]
14-Sep-2017 16:22:27.640 INFORMA합ES [main] org.apache.tomcat.util.net.NioSelectorPool.getSharedSelector Using a shared selector for servlet write/read
14-Sep-2017 16:22:27.640 INFORMA합ES [main] org.apache.catalina.startup.Catalina.load Initialization processed in 2589 ms
14-Sep-2017 16:22:27.734 INFORMA합ES [main] org.apache.catalina.core.StandardService.startInternal Starting service [Catalina]
14-Sep-2017 16:22:27.734 INFORMA합ES [main] org.apache.catalina.core.StandardEngine.startInternal Starting Servlet Engine: Apache Tomcat/9.0.0.M26
14-Sep-2017 16:22:27.749 INFORMA합ES [main] org.apache.catalina.startup.HostConfig.deployDirectory Deploying web application directory [C:\Users\adminLocal\Desktop\workspace\tomcat\webapps\docs]
14-Sep-2017 16:22:28.187 INFORMA합ES [main] org.apache.catalina.startup.HostConfig.deployDirectory Deployment of web application directory [C:\Users\adminLocal\Desktop\workspace\tomcat\webapps\docs] has finished in [438] ms
14-Sep-2017 16:22:28.187 INFORMA합ES [main] org.apache.catalina.startup.HostConfig.deployDirectory Deploying web application directory [C:\Users\adminLocal\Desktop\workspace\tomcat\webapps\examples]
14-Sep-2017 16:22:28.984 INFORMA합ES [main] org.apache.catalina.startup.HostConfig.deployDirectory Deployment of web application directory [C:\Users\adminLocal\Desktop\workspace\tomcat\webapps\examples] has finished in [797] ms
14-Sep-2017 16:22:28.984 INFORMA합ES [main] org.apache.catalina.startup.HostConfig.deployDirectory Deploying web application directory [C:\Users\adminLocal\Desktop\workspace\tomcat\webapps\host-manager]
14-Sep-2017 16:22:29.015 INFORMA합ES [main] org.apache.catalina.startup.HostConfig.deployDirectory Deployment of web application directory [C:\Users\adminLocal\Desktop\workspace\tomcat\webapps\host-manager] has finished in [31] ms
14-Sep-2017 16:22:29.015 INFORMA합ES [main] org.apache.catalina.startup.HostConfig.deployDirectory Deploying web application directory [C:\Users\adminLocal\Desktop\workspace\tomcat\webapps\manager]
14-Sep-2017 16:22:29.046 INFORMA합ES [main] org.apache.catalina.startup.HostConfig.deployDirectory Deployment of web application directory [C:\Users\adminLocal\Desktop\workspace\tomcat\webapps\manager] has finished in [31] ms
14-Sep-2017 16:22:29.046 INFORMA합ES [main] org.apache.catalina.startup.HostConfig.deployDirectory Deploying web application directory [C:\Users\adminLocal\Desktop\workspace\tomcat\webapps\ROOT]
14-Sep-2017 16:22:29.062 INFORMA합ES [main] org.apache.catalina.startup.HostConfig.deployDirectory Deployment of web application directory [C:\Users\adminLocal\Desktop\workspace\tomcat\webapps\ROOT] has finished in [16] ms
14-Sep-2017 16:22:29.078 INFORMA합ES [main] org.apache.coyote.AbstractProtocol.start Starting ProtocolHandler ["http-nio-8080"]
14-Sep-2017 16:22:29.078 INFORMA합ES [main] org.apache.coyote.AbstractProtocol.start Starting ProtocolHandler ["ajp-nio-8009"]
14-Sep-2017 16:22:29.078 INFORMA합ES [main] org.apache.catalina.startup.Catalina.start Server startup in 1441 ms
14-Sep-2017 16:33:37.281 INFORMA합ES [main] org.apache.catalina.startup.VersionLoggerListener.log Server version:        Apache Tomcat/9.0.0.M26
14-Sep-2017 16:33:37.281 INFORMA합ES [main] org.apache.catalina.startup.VersionLoggerListener.log Server built:          Aug 2 2017 20:29:05 UTC
14-Sep-2017 16:33:37.281 INFORMA합ES [main] org.apache.catalina.startup.VersionLoggerListener.log Server number:         9.0.0.0
14-Sep-2017 16:33:37.281 INFORMA합ES [main] org.apache.catalina.startup.VersionLoggerListener.log OS Name:               Windows 10
14-Sep-2017 16:33:37.281 INFORMA합ES [main] org.apache.catalina.startup.VersionLoggerListener.log OS Version:            10.0
14-Sep-2017 16:33:37.281 INFORMA합ES [main] org.apache.catalina.startup.VersionLoggerListener.log Architecture:          amd64
14-Sep-2017 16:33:37.281 INFORMA합ES [main] org.apache.catalina.startup.VersionLoggerListener.log Java Home:             C:\Program Files\Java\jdk1.8.0_144\jre
14-Sep-2017 16:33:37.281 INFORMA합ES [main] org.apache.catalina.startup.VersionLoggerListener.log JVM Version:           1.8.0_144-b01
14-Sep-2017 16:33:37.281 INFORMA합ES [main] org.apache.catalina.startup.VersionLoggerListener.log JVM Vendor:            Oracle Corporation
14-Sep-2017 16:33:37.281 INFORMA합ES [main] org.apache.catalina.startup.VersionLoggerListener.log CATALINA_BASE:         C:\Users\adminLocal\Desktop\workspace\tomcat
14-Sep-2017 16:33:37.281 INFORMA합ES [main] org.apache.catalina.startup.VersionLoggerListener.log CATALINA_HOME:         C:\Users\adminLocal\Desktop\workspace\tomcat
14-Sep-2017 16:33:37.281 INFORMA합ES [main] org.apache.catalina.startup.VersionLoggerListener.log Command line argument: -Djava.util.logging.config.file=C:\Users\adminLocal\Desktop\workspace\tomcat\conf\logging.properties
14-Sep-2017 16:33:37.281 INFORMA합ES [main] org.apache.catalina.startup.VersionLoggerListener.log Command line argument: -Djava.util.logging.manager=org.apache.juli.ClassLoaderLogManager
14-Sep-2017 16:33:37.281 INFORMA합ES [main] org.apache.catalina.startup.VersionLoggerListener.log Command line argument: -Djdk.tls.ephemeralDHKeySize=2048
14-Sep-2017 16:33:37.281 INFORMA합ES [main] org.apache.catalina.startup.VersionLoggerListener.log Command line argument: -Djava.protocol.handler.pkgs=org.apache.catalina.webresources
14-Sep-2017 16:33:37.281 INFORMA합ES [main] org.apache.catalina.startup.VersionLoggerListener.log Command line argument: -Dcatalina.base=C:\Users\adminLocal\Desktop\workspace\tomcat
14-Sep-2017 16:33:37.281 INFORMA합ES [main] org.apache.catalina.startup.VersionLoggerListener.log Command line argument: -Dcatalina.home=C:\Users\adminLocal\Desktop\workspace\tomcat
14-Sep-2017 16:33:37.281 INFORMA합ES [main] org.apache.catalina.startup.VersionLoggerListener.log Command line argument: -Djava.io.tmpdir=C:\Users\adminLocal\Desktop\workspace\tomcat\temp
14-Sep-2017 16:33:37.281 INFORMA합ES [main] org.apache.catalina.core.AprLifecycleListener.lifecycleEvent Loaded APR based Apache Tomcat Native library [1.2.12] using APR version [1.5.2].
14-Sep-2017 16:33:37.281 INFORMA합ES [main] org.apache.catalina.core.AprLifecycleListener.lifecycleEvent APR capabilities: IPv6 [true], sendfile [true], accept filters [false], random [true].
14-Sep-2017 16:33:37.281 INFORMA합ES [main] org.apache.catalina.core.AprLifecycleListener.lifecycleEvent APR/OpenSSL configuration: useAprConnector [false], useOpenSSL [true]
14-Sep-2017 16:33:37.813 INFORMA합ES [main] org.apache.catalina.core.AprLifecycleListener.initializeSSL OpenSSL successfully initialized [OpenSSL 1.0.2k  26 Jan 2017]
14-Sep-2017 16:33:37.891 INFORMA합ES [main] org.apache.coyote.AbstractProtocol.init Initializing ProtocolHandler ["http-nio-8080"]
14-Sep-2017 16:33:37.922 INFORMA합ES [main] org.apache.tomcat.util.net.NioSelectorPool.getSharedSelector Using a shared selector for servlet write/read
14-Sep-2017 16:33:37.938 INFORMA합ES [main] org.apache.coyote.AbstractProtocol.init Initializing ProtocolHandler ["ajp-nio-8009"]
14-Sep-2017 16:33:37.938 INFORMA합ES [main] org.apache.tomcat.util.net.NioSelectorPool.getSharedSelector Using a shared selector for servlet write/read
14-Sep-2017 16:33:37.938 INFORMA합ES [main] org.apache.catalina.startup.Catalina.load Initialization processed in 899 ms
14-Sep-2017 16:33:37.953 INFORMA합ES [main] org.apache.catalina.core.StandardService.startInternal Starting service [Catalina]
14-Sep-2017 16:33:37.953 INFORMA합ES [main] org.apache.catalina.core.StandardEngine.startInternal Starting Servlet Engine: Apache Tomcat/9.0.0.M26
14-Sep-2017 16:33:37.969 INFORMA합ES [main] org.apache.catalina.startup.HostConfig.deployDirectory Deploying web application directory [C:\Users\adminLocal\Desktop\workspace\tomcat\webapps\docs]
14-Sep-2017 16:33:38.156 INFORMA합ES [main] org.apache.catalina.startup.HostConfig.deployDirectory Deployment of web application directory [C:\Users\adminLocal\Desktop\workspace\tomcat\webapps\docs] has finished in [187] ms
14-Sep-2017 16:33:38.156 INFORMA합ES [main] org.apache.catalina.startup.HostConfig.deployDirectory Deploying web application directory [C:\Users\adminLocal\Desktop\workspace\tomcat\webapps\examples]
14-Sep-2017 16:33:38.391 INFORMA합ES [main] org.apache.catalina.startup.HostConfig.deployDirectory Deployment of web application directory [C:\Users\adminLocal\Desktop\workspace\tomcat\webapps\examples] has finished in [235] ms
14-Sep-2017 16:33:38.391 INFORMA합ES [main] org.apache.catalina.startup.HostConfig.deployDirectory Deploying web application directory [C:\Users\adminLocal\Desktop\workspace\tomcat\webapps\host-manager]
14-Sep-2017 16:33:38.422 INFORMA합ES [main] org.apache.catalina.startup.HostConfig.deployDirectory Deployment of web application directory [C:\Users\adminLocal\Desktop\workspace\tomcat\webapps\host-manager] has finished in [31] ms
14-Sep-2017 16:33:38.422 INFORMA합ES [main] org.apache.catalina.startup.HostConfig.deployDirectory Deploying web application directory [C:\Users\adminLocal\Desktop\workspace\tomcat\webapps\manager]
14-Sep-2017 16:33:38.453 INFORMA합ES [main] org.apache.catalina.startup.HostConfig.deployDirectory Deployment of web application directory [C:\Users\adminLocal\Desktop\workspace\tomcat\webapps\manager] has finished in [31] ms
14-Sep-2017 16:33:38.453 INFORMA합ES [main] org.apache.catalina.startup.HostConfig.deployDirectory Deploying web application directory [C:\Users\adminLocal\Desktop\workspace\tomcat\webapps\ROOT]
14-Sep-2017 16:33:38.469 INFORMA합ES [main] org.apache.catalina.startup.HostConfig.deployDirectory Deployment of web application directory [C:\Users\adminLocal\Desktop\workspace\tomcat\webapps\ROOT] has finished in [16] ms
14-Sep-2017 16:33:38.469 INFORMA합ES [main] org.apache.coyote.AbstractProtocol.start Starting ProtocolHandler ["http-nio-8080"]
14-Sep-2017 16:33:38.485 INFORMA합ES [main] org.apache.coyote.AbstractProtocol.start Starting ProtocolHandler ["ajp-nio-8009"]
14-Sep-2017 16:33:38.485 INFORMA합ES [main] org.apache.catalina.startup.Catalina.start Server startup in 551 ms
14-Sep-2017 16:34:55.304 INFORMA합ES [main] org.apache.catalina.core.StandardServer.await A valid shutdown command was received via the shutdown port. Stopping the Server instance.
14-Sep-2017 16:34:55.304 INFORMA합ES [main] org.apache.coyote.AbstractProtocol.pause Pausing ProtocolHandler ["http-nio-8080"]
14-Sep-2017 16:34:55.398 INFORMA합ES [main] org.apache.coyote.AbstractProtocol.pause Pausing ProtocolHandler ["ajp-nio-8009"]
14-Sep-2017 16:34:55.492 INFORMA합ES [main] org.apache.catalina.core.StandardService.stopInternal Stopping service [Catalina]
14-Sep-2017 16:34:55.538 INFORMA합ES [main] org.apache.coyote.AbstractProtocol.stop Stopping ProtocolHandler ["http-nio-8080"]
14-Sep-2017 16:34:55.538 INFORMA합ES [main] org.apache.coyote.AbstractProtocol.stop Stopping ProtocolHandler ["ajp-nio-8009"]
14-Sep-2017 16:34:55.554 INFORMA합ES [main] org.apache.coyote.AbstractProtocol.destroy Destroying ProtocolHandler ["http-nio-8080"]
14-Sep-2017 16:34:55.554 INFORMA합ES [main] org.apache.coyote.AbstractProtocol.destroy Destroying ProtocolHandler ["ajp-nio-8009"]
14-Sep-2017 16:43:52.916 INFORMA합ES [main] org.apache.catalina.startup.VersionLoggerListener.log Server version:        Apache Tomcat/9.0.0.M26
14-Sep-2017 16:43:52.916 INFORMA합ES [main] org.apache.catalina.startup.VersionLoggerListener.log Server built:          Aug 2 2017 20:29:05 UTC
14-Sep-2017 16:43:52.916 INFORMA합ES [main] org.apache.catalina.startup.VersionLoggerListener.log Server number:         9.0.0.0
14-Sep-2017 16:43:52.916 INFORMA합ES [main] org.apache.catalina.startup.VersionLoggerListener.log OS Name:               Windows 10
14-Sep-2017 16:43:52.916 INFORMA합ES [main] org.apache.catalina.startup.VersionLoggerListener.log OS Version:            10.0
14-Sep-2017 16:43:52.916 INFORMA합ES [main] org.apache.catalina.startup.VersionLoggerListener.log Architecture:          amd64
14-Sep-2017 16:43:52.916 INFORMA합ES [main] org.apache.catalina.startup.VersionLoggerListener.log Java Home:             C:\Program Files\Java\jdk1.8.0_144\jre
14-Sep-2017 16:43:52.916 INFORMA합ES [main] org.apache.catalina.startup.VersionLoggerListener.log JVM Version:           1.8.0_144-b01
14-Sep-2017 16:43:52.916 INFORMA합ES [main] org.apache.catalina.startup.VersionLoggerListener.log JVM Vendor:            Oracle Corporation
14-Sep-2017 16:43:52.916 INFORMA합ES [main] org.apache.catalina.startup.VersionLoggerListener.log CATALINA_BASE:         C:\Users\adminLocal\Desktop\workspace\tomcat
14-Sep-2017 16:43:52.916 INFORMA합ES [main] org.apache.catalina.startup.VersionLoggerListener.log CATALINA_HOME:         C:\Users\adminLocal\Desktop\workspace\tomcat
14-Sep-2017 16:43:52.916 INFORMA합ES [main] org.apache.catalina.startup.VersionLoggerListener.log Command line argument: -Djava.util.logging.config.file=C:\Users\adminLocal\Desktop\workspace\tomcat\conf\logging.properties
14-Sep-2017 16:43:52.916 INFORMA합ES [main] org.apache.catalina.startup.VersionLoggerListener.log Command line argument: -Djava.util.logging.manager=org.apache.juli.ClassLoaderLogManager
14-Sep-2017 16:43:52.916 INFORMA합ES [main] org.apache.catalina.startup.VersionLoggerListener.log Command line argument: -Djdk.tls.ephemeralDHKeySize=2048
14-Sep-2017 16:43:52.916 INFORMA합ES [main] org.apache.catalina.startup.VersionLoggerListener.log Command line argument: -Djava.protocol.handler.pkgs=org.apache.catalina.webresources
14-Sep-2017 16:43:52.916 INFORMA합ES [main] org.apache.catalina.startup.VersionLoggerListener.log Command line argument: -Dcatalina.base=C:\Users\adminLocal\Desktop\workspace\tomcat
14-Sep-2017 16:43:52.916 INFORMA합ES [main] org.apache.catalina.startup.VersionLoggerListener.log Command line argument: -Dcatalina.home=C:\Users\adminLocal\Desktop\workspace\tomcat
14-Sep-2017 16:43:52.916 INFORMA합ES [main] org.apache.catalina.startup.VersionLoggerListener.log Command line argument: -Djava.io.tmpdir=C:\Users\adminLocal\Desktop\workspace\tomcat\temp
14-Sep-2017 16:43:52.916 INFORMA합ES [main] org.apache.catalina.core.AprLifecycleListener.lifecycleEvent Loaded APR based Apache Tomcat Native library [1.2.12] using APR version [1.5.2].
14-Sep-2017 16:43:52.916 INFORMA합ES [main] org.apache.catalina.core.AprLifecycleListener.lifecycleEvent APR capabilities: IPv6 [true], sendfile [true], accept filters [false], random [true].
14-Sep-2017 16:43:52.916 INFORMA합ES [main] org.apache.catalina.core.AprLifecycleListener.lifecycleEvent APR/OpenSSL configuration: useAprConnector [false], useOpenSSL [true]
14-Sep-2017 16:43:53.416 INFORMA합ES [main] org.apache.catalina.core.AprLifecycleListener.initializeSSL OpenSSL successfully initialized [OpenSSL 1.0.2k  26 Jan 2017]
14-Sep-2017 16:43:53.510 INFORMA합ES [main] org.apache.coyote.AbstractProtocol.init Initializing ProtocolHandler ["http-nio-8080"]
14-Sep-2017 16:43:53.541 INFORMA합ES [main] org.apache.tomcat.util.net.NioSelectorPool.getSharedSelector Using a shared selector for servlet write/read
14-Sep-2017 16:43:53.541 INFORMA합ES [main] org.apache.coyote.AbstractProtocol.init Initializing ProtocolHandler ["ajp-nio-8009"]
14-Sep-2017 16:43:53.541 INFORMA합ES [main] org.apache.tomcat.util.net.NioSelectorPool.getSharedSelector Using a shared selector for servlet write/read
14-Sep-2017 16:43:53.541 INFORMA합ES [main] org.apache.catalina.startup.Catalina.load Initialization processed in 881 ms
14-Sep-2017 16:43:53.572 INFORMA합ES [main] org.apache.catalina.core.StandardService.startInternal Starting service [Catalina]
14-Sep-2017 16:43:53.572 INFORMA합ES [main] org.apache.catalina.core.StandardEngine.startInternal Starting Servlet Engine: Apache Tomcat/9.0.0.M26
14-Sep-2017 16:43:53.572 INFORMA합ES [main] org.apache.catalina.startup.HostConfig.deployDirectory Deploying web application directory [C:\Users\adminLocal\Desktop\workspace\tomcat\webapps\docs]
14-Sep-2017 16:43:53.775 INFORMA합ES [main] org.apache.catalina.startup.HostConfig.deployDirectory Deployment of web application directory [C:\Users\adminLocal\Desktop\workspace\tomcat\webapps\docs] has finished in [203] ms
14-Sep-2017 16:43:53.775 INFORMA합ES [main] org.apache.catalina.startup.HostConfig.deployDirectory Deploying web application directory [C:\Users\adminLocal\Desktop\workspace\tomcat\webapps\examples]
14-Sep-2017 16:43:54.010 INFORMA합ES [main] org.apache.catalina.startup.HostConfig.deployDirectory Deployment of web application directory [C:\Users\adminLocal\Desktop\workspace\tomcat\webapps\examples] has finished in [235] ms
14-Sep-2017 16:43:54.010 INFORMA합ES [main] org.apache.catalina.startup.HostConfig.deployDirectory Deploying web application directory [C:\Users\adminLocal\Desktop\workspace\tomcat\webapps\host-manager]
14-Sep-2017 16:43:54.041 INFORMA합ES [main] org.apache.catalina.startup.HostConfig.deployDirectory Deployment of web application directory [C:\Users\adminLocal\Desktop\workspace\tomcat\webapps\host-manager] has finished in [31] ms
14-Sep-2017 16:43:54.041 INFORMA합ES [main] org.apache.catalina.startup.HostConfig.deployDirectory Deploying web application directory [C:\Users\adminLocal\Desktop\workspace\tomcat\webapps\manager]
14-Sep-2017 16:43:54.057 INFORMA합ES [main] org.apache.catalina.startup.HostConfig.deployDirectory Deployment of web application directory [C:\Users\adminLocal\Desktop\workspace\tomcat\webapps\manager] has finished in [16] ms
14-Sep-2017 16:43:54.057 INFORMA합ES [main] org.apache.catalina.startup.HostConfig.deployDirectory Deploying web application directory [C:\Users\adminLocal\Desktop\workspace\tomcat\webapps\ROOT]
14-Sep-2017 16:43:54.072 INFORMA합ES [main] org.apache.catalina.startup.HostConfig.deployDirectory Deployment of web application directory [C:\Users\adminLocal\Desktop\workspace\tomcat\webapps\ROOT] has finished in [15] ms
14-Sep-2017 16:43:54.072 INFORMA합ES [main] org.apache.coyote.AbstractProtocol.start Starting ProtocolHandler ["http-nio-8080"]
14-Sep-2017 16:43:54.088 INFORMA합ES [main] org.apache.coyote.AbstractProtocol.start Starting ProtocolHandler ["ajp-nio-8009"]
14-Sep-2017 16:43:54.088 INFORMA합ES [main] org.apache.catalina.startup.Catalina.start Server startup in 542 ms
14-Sep-2017 16:45:46.886 GRAVE [main] org.apache.catalina.startup.Catalina.stopServer Could not contact [localhost:[8005]]. Tomcat may not be running.
14-Sep-2017 16:45:46.886 GRAVE [main] org.apache.catalina.startup.Catalina.stopServer Catalina.stop: 
 java.net.ConnectException: Connection refused: connect
	at java.net.DualStackPlainSocketImpl.connect0(Native Method)
	at java.net.DualStackPlainSocketImpl.socketConnect(DualStackPlainSocketImpl.java:79)
	at java.net.AbstractPlainSocketImpl.doConnect(AbstractPlainSocketImpl.java:350)
	at java.net.AbstractPlainSocketImpl.connectToAddress(AbstractPlainSocketImpl.java:206)
	at java.net.AbstractPlainSocketImpl.connect(AbstractPlainSocketImpl.java:188)
	at java.net.PlainSocketImpl.connect(PlainSocketImpl.java:172)
	at java.net.SocksSocketImpl.connect(SocksSocketImpl.java:392)
	at java.net.Socket.connect(Socket.java:589)
	at java.net.Socket.connect(Socket.java:538)
	at java.net.Socket.<init>(Socket.java:434)
	at java.net.Socket.<init>(Socket.java:211)
	at org.apache.catalina.startup.Catalina.stopServer(Catalina.java:478)
	at sun.reflect.NativeMethodAccessorImpl.invoke0(Native Method)
	at sun.reflect.NativeMethodAccessorImpl.invoke(NativeMethodAccessorImpl.java:62)
	at sun.reflect.DelegatingMethodAccessorImpl.invoke(DelegatingMethodAccessorImpl.java:43)
	at java.lang.reflect.Method.invoke(Method.java:498)
	at org.apache.catalina.startup.Bootstrap.stopServer(Bootstrap.java:408)
	at org.apache.catalina.startup.Bootstrap.main(Bootstrap.java:497)

14-Sep-2017 16:45:52.424 INFORMA합ES [main] org.apache.catalina.startup.VersionLoggerListener.log Server version:        Apache Tomcat/9.0.0.M26
14-Sep-2017 16:45:52.424 INFORMA합ES [main] org.apache.catalina.startup.VersionLoggerListener.log Server built:          Aug 2 2017 20:29:05 UTC
14-Sep-2017 16:45:52.424 INFORMA합ES [main] org.apache.catalina.startup.VersionLoggerListener.log Server number:         9.0.0.0
14-Sep-2017 16:45:52.424 INFORMA합ES [main] org.apache.catalina.startup.VersionLoggerListener.log OS Name:               Windows 10
14-Sep-2017 16:45:52.424 INFORMA합ES [main] org.apache.catalina.startup.VersionLoggerListener.log OS Version:            10.0
14-Sep-2017 16:45:52.424 INFORMA합ES [main] org.apache.catalina.startup.VersionLoggerListener.log Architecture:          amd64
14-Sep-2017 16:45:52.424 INFORMA합ES [main] org.apache.catalina.startup.VersionLoggerListener.log Java Home:             C:\Program Files\Java\jdk1.8.0_144\jre
14-Sep-2017 16:45:52.424 INFORMA합ES [main] org.apache.catalina.startup.VersionLoggerListener.log JVM Version:           1.8.0_144-b01
14-Sep-2017 16:45:52.424 INFORMA합ES [main] org.apache.catalina.startup.VersionLoggerListener.log JVM Vendor:            Oracle Corporation
14-Sep-2017 16:45:52.424 INFORMA합ES [main] org.apache.catalina.startup.VersionLoggerListener.log CATALINA_BASE:         C:\Users\adminLocal\Desktop\workspace\tomcat
14-Sep-2017 16:45:52.439 INFORMA합ES [main] org.apache.catalina.startup.VersionLoggerListener.log CATALINA_HOME:         C:\Users\adminLocal\Desktop\workspace\tomcat
14-Sep-2017 16:45:52.439 INFORMA합ES [main] org.apache.catalina.startup.VersionLoggerListener.log Command line argument: -Djava.util.logging.config.file=C:\Users\adminLocal\Desktop\workspace\tomcat\conf\logging.properties
14-Sep-2017 16:45:52.439 INFORMA합ES [main] org.apache.catalina.startup.VersionLoggerListener.log Command line argument: -Djava.util.logging.manager=org.apache.juli.ClassLoaderLogManager
14-Sep-2017 16:45:52.439 INFORMA합ES [main] org.apache.catalina.startup.VersionLoggerListener.log Command line argument: -Djdk.tls.ephemeralDHKeySize=2048
14-Sep-2017 16:45:52.439 INFORMA합ES [main] org.apache.catalina.startup.VersionLoggerListener.log Command line argument: -Djava.protocol.handler.pkgs=org.apache.catalina.webresources
14-Sep-2017 16:45:52.439 INFORMA합ES [main] org.apache.catalina.startup.VersionLoggerListener.log Command line argument: -Dcatalina.base=C:\Users\adminLocal\Desktop\workspace\tomcat
14-Sep-2017 16:45:52.439 INFORMA합ES [main] org.apache.catalina.startup.VersionLoggerListener.log Command line argument: -Dcatalina.home=C:\Users\adminLocal\Desktop\workspace\tomcat
14-Sep-2017 16:45:52.439 INFORMA합ES [main] org.apache.catalina.startup.VersionLoggerListener.log Command line argument: -Djava.io.tmpdir=C:\Users\adminLocal\Desktop\workspace\tomcat\temp
14-Sep-2017 16:45:52.439 INFORMA합ES [main] org.apache.catalina.core.AprLifecycleListener.lifecycleEvent Loaded APR based Apache Tomcat Native library [1.2.12] using APR version [1.5.2].
14-Sep-2017 16:45:52.439 INFORMA합ES [main] org.apache.catalina.core.AprLifecycleListener.lifecycleEvent APR capabilities: IPv6 [true], sendfile [true], accept filters [false], random [true].
14-Sep-2017 16:45:52.439 INFORMA합ES [main] org.apache.catalina.core.AprLifecycleListener.lifecycleEvent APR/OpenSSL configuration: useAprConnector [false], useOpenSSL [true]
14-Sep-2017 16:45:52.971 INFORMA합ES [main] org.apache.catalina.core.AprLifecycleListener.initializeSSL OpenSSL successfully initialized [OpenSSL 1.0.2k  26 Jan 2017]
14-Sep-2017 16:45:53.080 INFORMA합ES [main] org.apache.coyote.AbstractProtocol.init Initializing ProtocolHandler ["http-nio-8080"]
14-Sep-2017 16:45:53.111 INFORMA합ES [main] org.apache.tomcat.util.net.NioSelectorPool.getSharedSelector Using a shared selector for servlet write/read
14-Sep-2017 16:45:53.111 INFORMA합ES [main] org.apache.coyote.AbstractProtocol.init Initializing ProtocolHandler ["ajp-nio-8009"]
14-Sep-2017 16:45:53.111 INFORMA합ES [main] org.apache.tomcat.util.net.NioSelectorPool.getSharedSelector Using a shared selector for servlet write/read
14-Sep-2017 16:45:53.127 INFORMA합ES [main] org.apache.catalina.startup.Catalina.load Initialization processed in 940 ms
14-Sep-2017 16:45:53.143 INFORMA합ES [main] org.apache.catalina.core.StandardService.startInternal Starting service [Catalina]
14-Sep-2017 16:45:53.143 INFORMA합ES [main] org.apache.catalina.core.StandardEngine.startInternal Starting Servlet Engine: Apache Tomcat/9.0.0.M26
14-Sep-2017 16:45:53.158 INFORMA합ES [main] org.apache.catalina.startup.HostConfig.deployDirectory Deploying web application directory [C:\Users\adminLocal\Desktop\workspace\tomcat\webapps\docs]
14-Sep-2017 16:45:53.361 INFORMA합ES [main] org.apache.catalina.startup.HostConfig.deployDirectory Deployment of web application directory [C:\Users\adminLocal\Desktop\workspace\tomcat\webapps\docs] has finished in [203] ms
14-Sep-2017 16:45:53.361 INFORMA합ES [main] org.apache.catalina.startup.HostConfig.deployDirectory Deploying web application directory [C:\Users\adminLocal\Desktop\workspace\tomcat\webapps\examples]
14-Sep-2017 16:45:53.596 INFORMA합ES [main] org.apache.catalina.startup.HostConfig.deployDirectory Deployment of web application directory [C:\Users\adminLocal\Desktop\workspace\tomcat\webapps\examples] has finished in [235] ms
14-Sep-2017 16:45:53.596 INFORMA합ES [main] org.apache.catalina.startup.HostConfig.deployDirectory Deploying web application directory [C:\Users\adminLocal\Desktop\workspace\tomcat\webapps\host-manager]
14-Sep-2017 16:45:53.643 INFORMA합ES [main] org.apache.catalina.startup.HostConfig.deployDirectory Deployment of web application directory [C:\Users\adminLocal\Desktop\workspace\tomcat\webapps\host-manager] has finished in [47] ms
14-Sep-2017 16:45:53.643 INFORMA합ES [main] org.apache.catalina.startup.HostConfig.deployDirectory Deploying web application directory [C:\Users\adminLocal\Desktop\workspace\tomcat\webapps\manager]
14-Sep-2017 16:45:53.658 INFORMA합ES [main] org.apache.catalina.startup.HostConfig.deployDirectory Deployment of web application directory [C:\Users\adminLocal\Desktop\workspace\tomcat\webapps\manager] has finished in [15] ms
14-Sep-2017 16:45:53.658 INFORMA합ES [main] org.apache.catalina.startup.HostConfig.deployDirectory Deploying web application directory [C:\Users\adminLocal\Desktop\workspace\tomcat\webapps\ROOT]
14-Sep-2017 16:45:53.674 INFORMA합ES [main] org.apache.catalina.startup.HostConfig.deployDirectory Deployment of web application directory [C:\Users\adminLocal\Desktop\workspace\tomcat\webapps\ROOT] has finished in [16] ms
14-Sep-2017 16:45:53.689 INFORMA합ES [main] org.apache.coyote.AbstractProtocol.start Starting ProtocolHandler ["http-nio-8080"]
14-Sep-2017 16:45:53.689 INFORMA합ES [main] org.apache.coyote.AbstractProtocol.start Starting ProtocolHandler ["ajp-nio-8009"]
14-Sep-2017 16:45:53.689 INFORMA합ES [main] org.apache.catalina.startup.Catalina.start Server startup in 575 ms
14-Sep-2017 16:47:09.785 INFORMA합ES [main] org.apache.catalina.core.StandardServer.await A valid shutdown command was received via the shutdown port. Stopping the Server instance.
14-Sep-2017 16:47:09.785 INFORMA합ES [main] org.apache.coyote.AbstractProtocol.pause Pausing ProtocolHandler ["http-nio-8080"]
14-Sep-2017 16:47:09.801 INFORMA합ES [main] org.apache.coyote.AbstractProtocol.pause Pausing ProtocolHandler ["ajp-nio-8009"]
14-Sep-2017 16:47:09.879 INFORMA합ES [main] org.apache.catalina.core.StandardService.stopInternal Stopping service [Catalina]
14-Sep-2017 16:47:09.926 INFORMA합ES [main] org.apache.coyote.AbstractProtocol.stop Stopping ProtocolHandler ["http-nio-8080"]
14-Sep-2017 16:47:09.941 INFORMA합ES [main] org.apache.coyote.AbstractProtocol.stop Stopping ProtocolHandler ["ajp-nio-8009"]
14-Sep-2017 16:47:09.941 INFORMA합ES [main] org.apache.coyote.AbstractProtocol.destroy Destroying ProtocolHandler ["http-nio-8080"]
14-Sep-2017 16:47:09.941 INFORMA합ES [main] org.apache.coyote.AbstractProtocol.destroy Destroying ProtocolHandler ["ajp-nio-8009"]
14-Sep-2017 16:47:11.790 INFORMA합ES [main] org.apache.catalina.startup.VersionLoggerListener.log Server version:        Apache Tomcat/9.0.0.M26
14-Sep-2017 16:47:11.790 INFORMA합ES [main] org.apache.catalina.startup.VersionLoggerListener.log Server built:          Aug 2 2017 20:29:05 UTC
14-Sep-2017 16:47:11.790 INFORMA합ES [main] org.apache.catalina.startup.VersionLoggerListener.log Server number:         9.0.0.0
14-Sep-2017 16:47:11.790 INFORMA합ES [main] org.apache.catalina.startup.VersionLoggerListener.log OS Name:               Windows 10
14-Sep-2017 16:47:11.790 INFORMA합ES [main] org.apache.catalina.startup.VersionLoggerListener.log OS Version:            10.0
14-Sep-2017 16:47:11.790 INFORMA합ES [main] org.apache.catalina.startup.VersionLoggerListener.log Architecture:          amd64
14-Sep-2017 16:47:11.790 INFORMA합ES [main] org.apache.catalina.startup.VersionLoggerListener.log Java Home:             C:\Program Files\Java\jdk1.8.0_144\jre
14-Sep-2017 16:47:11.790 INFORMA합ES [main] org.apache.catalina.startup.VersionLoggerListener.log JVM Version:           1.8.0_144-b01
14-Sep-2017 16:47:11.790 INFORMA합ES [main] org.apache.catalina.startup.VersionLoggerListener.log JVM Vendor:            Oracle Corporation
14-Sep-2017 16:47:11.790 INFORMA합ES [main] org.apache.catalina.startup.VersionLoggerListener.log CATALINA_BASE:         C:\Users\adminLocal\Desktop\workspace\tomcat
14-Sep-2017 16:47:11.790 INFORMA합ES [main] org.apache.catalina.startup.VersionLoggerListener.log CATALINA_HOME:         C:\Users\adminLocal\Desktop\workspace\tomcat
14-Sep-2017 16:47:11.790 INFORMA합ES [main] org.apache.catalina.startup.VersionLoggerListener.log Command line argument: -Djava.util.logging.config.file=C:\Users\adminLocal\Desktop\workspace\tomcat\conf\logging.properties
14-Sep-2017 16:47:11.790 INFORMA합ES [main] org.apache.catalina.startup.VersionLoggerListener.log Command line argument: -Djava.util.logging.manager=org.apache.juli.ClassLoaderLogManager
14-Sep-2017 16:47:11.790 INFORMA합ES [main] org.apache.catalina.startup.VersionLoggerListener.log Command line argument: -Djdk.tls.ephemeralDHKeySize=2048
14-Sep-2017 16:47:11.790 INFORMA합ES [main] org.apache.catalina.startup.VersionLoggerListener.log Command line argument: -Djava.protocol.handler.pkgs=org.apache.catalina.webresources
14-Sep-2017 16:47:11.790 INFORMA합ES [main] org.apache.catalina.startup.VersionLoggerListener.log Command line argument: -Dcatalina.base=C:\Users\adminLocal\Desktop\workspace\tomcat
14-Sep-2017 16:47:11.790 INFORMA합ES [main] org.apache.catalina.startup.VersionLoggerListener.log Command line argument: -Dcatalina.home=C:\Users\adminLocal\Desktop\workspace\tomcat
14-Sep-2017 16:47:11.790 INFORMA합ES [main] org.apache.catalina.startup.VersionLoggerListener.log Command line argument: -Djava.io.tmpdir=C:\Users\adminLocal\Desktop\workspace\tomcat\temp
14-Sep-2017 16:47:11.790 INFORMA합ES [main] org.apache.catalina.core.AprLifecycleListener.lifecycleEvent Loaded APR based Apache Tomcat Native library [1.2.12] using APR version [1.5.2].
14-Sep-2017 16:47:11.790 INFORMA합ES [main] org.apache.catalina.core.AprLifecycleListener.lifecycleEvent APR capabilities: IPv6 [true], sendfile [true], accept filters [false], random [true].
14-Sep-2017 16:47:11.790 INFORMA합ES [main] org.apache.catalina.core.AprLifecycleListener.lifecycleEvent APR/OpenSSL configuration: useAprConnector [false], useOpenSSL [true]
14-Sep-2017 16:47:12.322 INFORMA합ES [main] org.apache.catalina.core.AprLifecycleListener.initializeSSL OpenSSL successfully initialized [OpenSSL 1.0.2k  26 Jan 2017]
14-Sep-2017 16:47:12.415 INFORMA합ES [main] org.apache.coyote.AbstractProtocol.init Initializing ProtocolHandler ["http-nio-8080"]
14-Sep-2017 16:47:12.447 INFORMA합ES [main] org.apache.tomcat.util.net.NioSelectorPool.getSharedSelector Using a shared selector for servlet write/read
14-Sep-2017 16:47:12.447 INFORMA합ES [main] org.apache.coyote.AbstractProtocol.init Initializing ProtocolHandler ["ajp-nio-8009"]
14-Sep-2017 16:47:12.462 INFORMA합ES [main] org.apache.tomcat.util.net.NioSelectorPool.getSharedSelector Using a shared selector for servlet write/read
14-Sep-2017 16:47:12.462 INFORMA합ES [main] org.apache.catalina.startup.Catalina.load Initialization processed in 914 ms
14-Sep-2017 16:47:12.478 INFORMA합ES [main] org.apache.catalina.core.StandardService.startInternal Starting service [Catalina]
14-Sep-2017 16:47:12.478 INFORMA합ES [main] org.apache.catalina.core.StandardEngine.startInternal Starting Servlet Engine: Apache Tomcat/9.0.0.M26
14-Sep-2017 16:47:12.478 INFORMA합ES [main] org.apache.catalina.startup.HostConfig.deployDirectory Deploying web application directory [C:\Users\adminLocal\Desktop\workspace\tomcat\webapps\docs]
14-Sep-2017 16:47:12.681 INFORMA합ES [main] org.apache.catalina.startup.HostConfig.deployDirectory Deployment of web application directory [C:\Users\adminLocal\Desktop\workspace\tomcat\webapps\docs] has finished in [203] ms
14-Sep-2017 16:47:12.681 INFORMA합ES [main] org.apache.catalina.startup.HostConfig.deployDirectory Deploying web application directory [C:\Users\adminLocal\Desktop\workspace\tomcat\webapps\examples]
14-Sep-2017 16:47:12.931 INFORMA합ES [main] org.apache.catalina.startup.HostConfig.deployDirectory Deployment of web application directory [C:\Users\adminLocal\Desktop\workspace\tomcat\webapps\examples] has finished in [250] ms
14-Sep-2017 16:47:12.931 INFORMA합ES [main] org.apache.catalina.startup.HostConfig.deployDirectory Deploying web application directory [C:\Users\adminLocal\Desktop\workspace\tomcat\webapps\host-manager]
14-Sep-2017 16:47:12.947 INFORMA합ES [main] org.apache.catalina.startup.HostConfig.deployDirectory Deployment of web application directory [C:\Users\adminLocal\Desktop\workspace\tomcat\webapps\host-manager] has finished in [16] ms
14-Sep-2017 16:47:12.947 INFORMA합ES [main] org.apache.catalina.startup.HostConfig.deployDirectory Deploying web application directory [C:\Users\adminLocal\Desktop\workspace\tomcat\webapps\manager]
14-Sep-2017 16:47:12.978 INFORMA합ES [main] org.apache.catalina.startup.HostConfig.deployDirectory Deployment of web application directory [C:\Users\adminLocal\Desktop\workspace\tomcat\webapps\manager] has finished in [31] ms
14-Sep-2017 16:47:12.978 INFORMA합ES [main] org.apache.catalina.startup.HostConfig.deployDirectory Deploying web application directory [C:\Users\adminLocal\Desktop\workspace\tomcat\webapps\ROOT]
14-Sep-2017 16:47:12.994 INFORMA합ES [main] org.apache.catalina.startup.HostConfig.deployDirectory Deployment of web application directory [C:\Users\adminLocal\Desktop\workspace\tomcat\webapps\ROOT] has finished in [16] ms
14-Sep-2017 16:47:12.994 INFORMA합ES [main] org.apache.coyote.AbstractProtocol.start Starting ProtocolHandler ["http-nio-8080"]
14-Sep-2017 16:47:13.009 INFORMA합ES [main] org.apache.coyote.AbstractProtocol.start Starting ProtocolHandler ["ajp-nio-8009"]
14-Sep-2017 16:47:13.009 INFORMA합ES [main] org.apache.catalina.startup.Catalina.start Server startup in 551 ms
14-Sep-2017 16:51:28.237 INFORMA합ES [main] org.apache.catalina.startup.VersionLoggerListener.log Server version:        Apache Tomcat/9.0.0.M26
14-Sep-2017 16:51:28.237 INFORMA합ES [main] org.apache.catalina.startup.VersionLoggerListener.log Server built:          Aug 2 2017 20:29:05 UTC
14-Sep-2017 16:51:28.237 INFORMA합ES [main] org.apache.catalina.startup.VersionLoggerListener.log Server number:         9.0.0.0
14-Sep-2017 16:51:28.237 INFORMA합ES [main] org.apache.catalina.startup.VersionLoggerListener.log OS Name:               Windows 10
14-Sep-2017 16:51:28.237 INFORMA합ES [main] org.apache.catalina.startup.VersionLoggerListener.log OS Version:            10.0
14-Sep-2017 16:51:28.237 INFORMA합ES [main] org.apache.catalina.startup.VersionLoggerListener.log Architecture:          amd64
14-Sep-2017 16:51:28.237 INFORMA합ES [main] org.apache.catalina.startup.VersionLoggerListener.log Java Home:             C:\Program Files\Java\jdk1.8.0_144\jre
14-Sep-2017 16:51:28.237 INFORMA합ES [main] org.apache.catalina.startup.VersionLoggerListener.log JVM Version:           1.8.0_144-b01
14-Sep-2017 16:51:28.237 INFORMA합ES [main] org.apache.catalina.startup.VersionLoggerListener.log JVM Vendor:            Oracle Corporation
14-Sep-2017 16:51:28.237 INFORMA합ES [main] org.apache.catalina.startup.VersionLoggerListener.log CATALINA_BASE:         C:\Users\adminLocal\Desktop\workspace\tomcat
14-Sep-2017 16:51:28.237 INFORMA합ES [main] org.apache.catalina.startup.VersionLoggerListener.log CATALINA_HOME:         C:\Users\adminLocal\Desktop\workspace\tomcat
14-Sep-2017 16:51:28.237 INFORMA합ES [main] org.apache.catalina.startup.VersionLoggerListener.log Command line argument: -Djava.util.logging.config.file=C:\Users\adminLocal\Desktop\workspace\tomcat\conf\logging.properties
14-Sep-2017 16:51:28.237 INFORMA합ES [main] org.apache.catalina.startup.VersionLoggerListener.log Command line argument: -Djava.util.logging.manager=org.apache.juli.ClassLoaderLogManager
14-Sep-2017 16:51:28.237 INFORMA합ES [main] org.apache.catalina.startup.VersionLoggerListener.log Command line argument: -Djdk.tls.ephemeralDHKeySize=2048
14-Sep-2017 16:51:28.237 INFORMA합ES [main] org.apache.catalina.startup.VersionLoggerListener.log Command line argument: -Djava.protocol.handler.pkgs=org.apache.catalina.webresources
14-Sep-2017 16:51:28.237 INFORMA합ES [main] org.apache.catalina.startup.VersionLoggerListener.log Command line argument: -Dcatalina.base=C:\Users\adminLocal\Desktop\workspace\tomcat
14-Sep-2017 16:51:28.237 INFORMA합ES [main] org.apache.catalina.startup.VersionLoggerListener.log Command line argument: -Dcatalina.home=C:\Users\adminLocal\Desktop\workspace\tomcat
14-Sep-2017 16:51:28.237 INFORMA합ES [main] org.apache.catalina.startup.VersionLoggerListener.log Command line argument: -Djava.io.tmpdir=C:\Users\adminLocal\Desktop\workspace\tomcat\temp
14-Sep-2017 16:51:28.237 INFORMA합ES [main] org.apache.catalina.core.AprLifecycleListener.lifecycleEvent Loaded APR based Apache Tomcat Native library [1.2.12] using APR version [1.5.2].
14-Sep-2017 16:51:28.237 INFORMA합ES [main] org.apache.catalina.core.AprLifecycleListener.lifecycleEvent APR capabilities: IPv6 [true], sendfile [true], accept filters [false], random [true].
14-Sep-2017 16:51:28.237 INFORMA합ES [main] org.apache.catalina.core.AprLifecycleListener.lifecycleEvent APR/OpenSSL configuration: useAprConnector [false], useOpenSSL [true]
14-Sep-2017 16:51:28.769 INFORMA합ES [main] org.apache.catalina.core.AprLifecycleListener.initializeSSL OpenSSL successfully initialized [OpenSSL 1.0.2k  26 Jan 2017]
14-Sep-2017 16:51:28.847 INFORMA합ES [main] org.apache.coyote.AbstractProtocol.init Initializing ProtocolHandler ["http-nio-8080"]
14-Sep-2017 16:51:28.894 INFORMA합ES [main] org.apache.tomcat.util.net.NioSelectorPool.getSharedSelector Using a shared selector for servlet write/read
14-Sep-2017 16:51:28.894 INFORMA합ES [main] org.apache.coyote.AbstractProtocol.init Initializing ProtocolHandler ["ajp-nio-8009"]
14-Sep-2017 16:51:28.894 INFORMA합ES [main] org.apache.tomcat.util.net.NioSelectorPool.getSharedSelector Using a shared selector for servlet write/read
14-Sep-2017 16:51:28.894 INFORMA합ES [main] org.apache.catalina.startup.Catalina.load Initialization processed in 891 ms
14-Sep-2017 16:51:28.909 INFORMA합ES [main] org.apache.catalina.core.StandardService.startInternal Starting service [Catalina]
14-Sep-2017 16:51:28.909 INFORMA합ES [main] org.apache.catalina.core.StandardEngine.startInternal Starting Servlet Engine: Apache Tomcat/9.0.0.M26
14-Sep-2017 16:51:28.925 INFORMA합ES [main] org.apache.catalina.startup.HostConfig.deployDirectory Deploying web application directory [C:\Users\adminLocal\Desktop\workspace\tomcat\webapps\docs]
14-Sep-2017 16:51:29.128 INFORMA합ES [main] org.apache.catalina.startup.HostConfig.deployDirectory Deployment of web application directory [C:\Users\adminLocal\Desktop\workspace\tomcat\webapps\docs] has finished in [203] ms
14-Sep-2017 16:51:29.128 INFORMA합ES [main] org.apache.catalina.startup.HostConfig.deployDirectory Deploying web application directory [C:\Users\adminLocal\Desktop\workspace\tomcat\webapps\examples]
14-Sep-2017 16:51:29.378 INFORMA합ES [main] org.apache.catalina.startup.HostConfig.deployDirectory Deployment of web application directory [C:\Users\adminLocal\Desktop\workspace\tomcat\webapps\examples] has finished in [250] ms
14-Sep-2017 16:51:29.378 INFORMA합ES [main] org.apache.catalina.startup.HostConfig.deployDirectory Deploying web application directory [C:\Users\adminLocal\Desktop\workspace\tomcat\webapps\host-manager]
14-Sep-2017 16:51:29.425 INFORMA합ES [main] org.apache.catalina.startup.HostConfig.deployDirectory Deployment of web application directory [C:\Users\adminLocal\Desktop\workspace\tomcat\webapps\host-manager] has finished in [47] ms
14-Sep-2017 16:51:29.425 INFORMA합ES [main] org.apache.catalina.startup.HostConfig.deployDirectory Deploying web application directory [C:\Users\adminLocal\Desktop\workspace\tomcat\webapps\manager]
14-Sep-2017 16:51:29.441 INFORMA합ES [main] org.apache.catalina.startup.HostConfig.deployDirectory Deployment of web application directory [C:\Users\adminLocal\Desktop\workspace\tomcat\webapps\manager] has finished in [16] ms
14-Sep-2017 16:51:29.441 INFORMA합ES [main] org.apache.catalina.startup.HostConfig.deployDirectory Deploying web application directory [C:\Users\adminLocal\Desktop\workspace\tomcat\webapps\ROOT]
14-Sep-2017 16:51:29.472 INFORMA합ES [main] org.apache.catalina.startup.HostConfig.deployDirectory Deployment of web application directory [C:\Users\adminLocal\Desktop\workspace\tomcat\webapps\ROOT] has finished in [31] ms
14-Sep-2017 16:51:29.472 INFORMA합ES [main] org.apache.coyote.AbstractProtocol.start Starting ProtocolHandler ["http-nio-8080"]
14-Sep-2017 16:51:29.472 INFORMA합ES [main] org.apache.coyote.AbstractProtocol.start Starting ProtocolHandler ["ajp-nio-8009"]
14-Sep-2017 16:51:29.472 INFORMA합ES [main] org.apache.catalina.startup.Catalina.start Server startup in 585 ms
14-Sep-2017 16:52:11.335 INFORMA합ES [main] org.apache.catalina.core.StandardServer.await A valid shutdown command was received via the shutdown port. Stopping the Server instance.
14-Sep-2017 16:52:11.335 INFORMA합ES [main] org.apache.coyote.AbstractProtocol.pause Pausing ProtocolHandler ["http-nio-8080"]
14-Sep-2017 16:52:11.413 INFORMA합ES [main] org.apache.coyote.AbstractProtocol.pause Pausing ProtocolHandler ["ajp-nio-8009"]
14-Sep-2017 16:52:11.507 INFORMA합ES [main] org.apache.catalina.core.StandardService.stopInternal Stopping service [Catalina]
14-Sep-2017 16:52:11.538 INFORMA합ES [main] org.apache.coyote.AbstractProtocol.stop Stopping ProtocolHandler ["http-nio-8080"]
14-Sep-2017 16:52:11.538 INFORMA합ES [main] org.apache.coyote.AbstractProtocol.stop Stopping ProtocolHandler ["ajp-nio-8009"]
14-Sep-2017 16:52:11.538 INFORMA합ES [main] org.apache.coyote.AbstractProtocol.destroy Destroying ProtocolHandler ["http-nio-8080"]
14-Sep-2017 16:52:11.538 INFORMA합ES [main] org.apache.coyote.AbstractProtocol.destroy Destroying ProtocolHandler ["ajp-nio-8009"]
14-Sep-2017 16:52:15.184 GRAVE [main] org.apache.catalina.startup.Catalina.stopServer Could not contact [localhost:[8005]]. Tomcat may not be running.
14-Sep-2017 16:52:15.184 GRAVE [main] org.apache.catalina.startup.Catalina.stopServer Catalina.stop: 
 java.net.ConnectException: Connection refused: connect
	at java.net.DualStackPlainSocketImpl.connect0(Native Method)
	at java.net.DualStackPlainSocketImpl.socketConnect(DualStackPlainSocketImpl.java:79)
	at java.net.AbstractPlainSocketImpl.doConnect(AbstractPlainSocketImpl.java:350)
	at java.net.AbstractPlainSocketImpl.connectToAddress(AbstractPlainSocketImpl.java:206)
	at java.net.AbstractPlainSocketImpl.connect(AbstractPlainSocketImpl.java:188)
	at java.net.PlainSocketImpl.connect(PlainSocketImpl.java:172)
	at java.net.SocksSocketImpl.connect(SocksSocketImpl.java:392)
	at java.net.Socket.connect(Socket.java:589)
	at java.net.Socket.connect(Socket.java:538)
	at java.net.Socket.<init>(Socket.java:434)
	at java.net.Socket.<init>(Socket.java:211)
	at org.apache.catalina.startup.Catalina.stopServer(Catalina.java:478)
	at sun.reflect.NativeMethodAccessorImpl.invoke0(Native Method)
	at sun.reflect.NativeMethodAccessorImpl.invoke(NativeMethodAccessorImpl.java:62)
	at sun.reflect.DelegatingMethodAccessorImpl.invoke(DelegatingMethodAccessorImpl.java:43)
	at java.lang.reflect.Method.invoke(Method.java:498)
	at org.apache.catalina.startup.Bootstrap.stopServer(Bootstrap.java:408)
	at org.apache.catalina.startup.Bootstrap.main(Bootstrap.java:497)

14-Sep-2017 16:52:18.919 INFORMA합ES [main] org.apache.catalina.startup.VersionLoggerListener.log Server version:        Apache Tomcat/9.0.0.M26
14-Sep-2017 16:52:18.919 INFORMA합ES [main] org.apache.catalina.startup.VersionLoggerListener.log Server built:          Aug 2 2017 20:29:05 UTC
14-Sep-2017 16:52:18.919 INFORMA합ES [main] org.apache.catalina.startup.VersionLoggerListener.log Server number:         9.0.0.0
14-Sep-2017 16:52:18.919 INFORMA합ES [main] org.apache.catalina.startup.VersionLoggerListener.log OS Name:               Windows 10
14-Sep-2017 16:52:18.919 INFORMA합ES [main] org.apache.catalina.startup.VersionLoggerListener.log OS Version:            10.0
14-Sep-2017 16:52:18.919 INFORMA합ES [main] org.apache.catalina.startup.VersionLoggerListener.log Architecture:          amd64
14-Sep-2017 16:52:18.919 INFORMA합ES [main] org.apache.catalina.startup.VersionLoggerListener.log Java Home:             C:\Program Files\Java\jdk1.8.0_144\jre
14-Sep-2017 16:52:18.919 INFORMA합ES [main] org.apache.catalina.startup.VersionLoggerListener.log JVM Version:           1.8.0_144-b01
14-Sep-2017 16:52:18.919 INFORMA합ES [main] org.apache.catalina.startup.VersionLoggerListener.log JVM Vendor:            Oracle Corporation
14-Sep-2017 16:52:18.919 INFORMA합ES [main] org.apache.catalina.startup.VersionLoggerListener.log CATALINA_BASE:         C:\Users\adminLocal\Desktop\workspace\tomcat
14-Sep-2017 16:52:18.919 INFORMA합ES [main] org.apache.catalina.startup.VersionLoggerListener.log CATALINA_HOME:         C:\Users\adminLocal\Desktop\workspace\tomcat
14-Sep-2017 16:52:18.919 INFORMA합ES [main] org.apache.catalina.startup.VersionLoggerListener.log Command line argument: -Djava.util.logging.config.file=C:\Users\adminLocal\Desktop\workspace\tomcat\conf\logging.properties
14-Sep-2017 16:52:18.919 INFORMA합ES [main] org.apache.catalina.startup.VersionLoggerListener.log Command line argument: -Djava.util.logging.manager=org.apache.juli.ClassLoaderLogManager
14-Sep-2017 16:52:18.919 INFORMA합ES [main] org.apache.catalina.startup.VersionLoggerListener.log Command line argument: -Djdk.tls.ephemeralDHKeySize=2048
14-Sep-2017 16:52:18.919 INFORMA합ES [main] org.apache.catalina.startup.VersionLoggerListener.log Command line argument: -Djava.protocol.handler.pkgs=org.apache.catalina.webresources
14-Sep-2017 16:52:18.935 INFORMA합ES [main] org.apache.catalina.startup.VersionLoggerListener.log Command line argument: -Dcatalina.base=C:\Users\adminLocal\Desktop\workspace\tomcat
14-Sep-2017 16:52:18.935 INFORMA합ES [main] org.apache.catalina.startup.VersionLoggerListener.log Command line argument: -Dcatalina.home=C:\Users\adminLocal\Desktop\workspace\tomcat
14-Sep-2017 16:52:18.935 INFORMA합ES [main] org.apache.catalina.startup.VersionLoggerListener.log Command line argument: -Djava.io.tmpdir=C:\Users\adminLocal\Desktop\workspace\tomcat\temp
14-Sep-2017 16:52:18.935 INFORMA합ES [main] org.apache.catalina.core.AprLifecycleListener.lifecycleEvent Loaded APR based Apache Tomcat Native library [1.2.12] using APR version [1.5.2].
14-Sep-2017 16:52:18.935 INFORMA합ES [main] org.apache.catalina.core.AprLifecycleListener.lifecycleEvent APR capabilities: IPv6 [true], sendfile [true], accept filters [false], random [true].
14-Sep-2017 16:52:18.935 INFORMA합ES [main] org.apache.catalina.core.AprLifecycleListener.lifecycleEvent APR/OpenSSL configuration: useAprConnector [false], useOpenSSL [true]
14-Sep-2017 16:52:19.482 INFORMA합ES [main] org.apache.catalina.core.AprLifecycleListener.initializeSSL OpenSSL successfully initialized [OpenSSL 1.0.2k  26 Jan 2017]
14-Sep-2017 16:52:19.575 INFORMA합ES [main] org.apache.coyote.AbstractProtocol.init Initializing ProtocolHandler ["http-nio-8080"]
14-Sep-2017 16:52:19.622 INFORMA합ES [main] org.apache.tomcat.util.net.NioSelectorPool.getSharedSelector Using a shared selector for servlet write/read
14-Sep-2017 16:52:19.622 INFORMA합ES [main] org.apache.coyote.AbstractProtocol.init Initializing ProtocolHandler ["ajp-nio-8009"]
14-Sep-2017 16:52:19.622 INFORMA합ES [main] org.apache.tomcat.util.net.NioSelectorPool.getSharedSelector Using a shared selector for servlet write/read
14-Sep-2017 16:52:19.622 INFORMA합ES [main] org.apache.catalina.startup.Catalina.load Initialization processed in 946 ms
14-Sep-2017 16:52:19.653 INFORMA합ES [main] org.apache.catalina.core.StandardService.startInternal Starting service [Catalina]
14-Sep-2017 16:52:19.653 INFORMA합ES [main] org.apache.catalina.core.StandardEngine.startInternal Starting Servlet Engine: Apache Tomcat/9.0.0.M26
14-Sep-2017 16:52:19.669 INFORMA합ES [main] org.apache.catalina.startup.HostConfig.deployDirectory Deploying web application directory [C:\Users\adminLocal\Desktop\workspace\tomcat\webapps\docs]
14-Sep-2017 16:52:19.888 INFORMA합ES [main] org.apache.catalina.startup.HostConfig.deployDirectory Deployment of web application directory [C:\Users\adminLocal\Desktop\workspace\tomcat\webapps\docs] has finished in [219] ms
14-Sep-2017 16:52:19.888 INFORMA합ES [main] org.apache.catalina.startup.HostConfig.deployDirectory Deploying web application directory [C:\Users\adminLocal\Desktop\workspace\tomcat\webapps\examples]
14-Sep-2017 16:52:20.122 INFORMA합ES [main] org.apache.catalina.startup.HostConfig.deployDirectory Deployment of web application directory [C:\Users\adminLocal\Desktop\workspace\tomcat\webapps\examples] has finished in [234] ms
14-Sep-2017 16:52:20.122 INFORMA합ES [main] org.apache.catalina.startup.HostConfig.deployDirectory Deploying web application directory [C:\Users\adminLocal\Desktop\workspace\tomcat\webapps\host-manager]
14-Sep-2017 16:52:20.169 INFORMA합ES [main] org.apache.catalina.startup.HostConfig.deployDirectory Deployment of web application directory [C:\Users\adminLocal\Desktop\workspace\tomcat\webapps\host-manager] has finished in [47] ms
14-Sep-2017 16:52:20.169 INFORMA합ES [main] org.apache.catalina.startup.HostConfig.deployDirectory Deploying web application directory [C:\Users\adminLocal\Desktop\workspace\tomcat\webapps\manager]
14-Sep-2017 16:52:20.200 INFORMA합ES [main] org.apache.catalina.startup.HostConfig.deployDirectory Deployment of web application directory [C:\Users\adminLocal\Desktop\workspace\tomcat\webapps\manager] has finished in [31] ms
14-Sep-2017 16:52:20.200 INFORMA합ES [main] org.apache.catalina.startup.HostConfig.deployDirectory Deploying web application directory [C:\Users\adminLocal\Desktop\workspace\tomcat\webapps\ROOT]
14-Sep-2017 16:52:20.232 INFORMA합ES [main] org.apache.catalina.startup.HostConfig.deployDirectory Deployment of web application directory [C:\Users\adminLocal\Desktop\workspace\tomcat\webapps\ROOT] has finished in [32] ms
14-Sep-2017 16:52:20.232 INFORMA합ES [main] org.apache.coyote.AbstractProtocol.start Starting ProtocolHandler ["http-nio-8080"]
14-Sep-2017 16:52:20.232 INFORMA합ES [main] org.apache.coyote.AbstractProtocol.start Starting ProtocolHandler ["ajp-nio-8009"]
14-Sep-2017 16:52:20.232 INFORMA합ES [main] org.apache.catalina.startup.Catalina.start Server startup in 609 ms
14-Sep-2017 16:55:52.306 INFORMA합ES [main] org.apache.catalina.startup.VersionLoggerListener.log Server version:        Apache Tomcat/9.0.0.M26
14-Sep-2017 16:55:52.306 INFORMA합ES [main] org.apache.catalina.startup.VersionLoggerListener.log Server built:          Aug 2 2017 20:29:05 UTC
14-Sep-2017 16:55:52.306 INFORMA합ES [main] org.apache.catalina.startup.VersionLoggerListener.log Server number:         9.0.0.0
14-Sep-2017 16:55:52.306 INFORMA합ES [main] org.apache.catalina.startup.VersionLoggerListener.log OS Name:               Windows 10
14-Sep-2017 16:55:52.306 INFORMA합ES [main] org.apache.catalina.startup.VersionLoggerListener.log OS Version:            10.0
14-Sep-2017 16:55:52.306 INFORMA합ES [main] org.apache.catalina.startup.VersionLoggerListener.log Architecture:          amd64
14-Sep-2017 16:55:52.306 INFORMA합ES [main] org.apache.catalina.startup.VersionLoggerListener.log Java Home:             C:\Program Files\Java\jdk1.8.0_144\jre
14-Sep-2017 16:55:52.306 INFORMA합ES [main] org.apache.catalina.startup.VersionLoggerListener.log JVM Version:           1.8.0_144-b01
14-Sep-2017 16:55:52.306 INFORMA합ES [main] org.apache.catalina.startup.VersionLoggerListener.log JVM Vendor:            Oracle Corporation
14-Sep-2017 16:55:52.306 INFORMA합ES [main] org.apache.catalina.startup.VersionLoggerListener.log CATALINA_BASE:         C:\Users\adminLocal\Desktop\workspace\tomcat
14-Sep-2017 16:55:52.306 INFORMA합ES [main] org.apache.catalina.startup.VersionLoggerListener.log CATALINA_HOME:         C:\Users\adminLocal\Desktop\workspace\tomcat
14-Sep-2017 16:55:52.306 INFORMA합ES [main] org.apache.catalina.startup.VersionLoggerListener.log Command line argument: -Djava.util.logging.config.file=C:\Users\adminLocal\Desktop\workspace\tomcat\conf\logging.properties
14-Sep-2017 16:55:52.306 INFORMA합ES [main] org.apache.catalina.startup.VersionLoggerListener.log Command line argument: -Djava.util.logging.manager=org.apache.juli.ClassLoaderLogManager
14-Sep-2017 16:55:52.306 INFORMA합ES [main] org.apache.catalina.startup.VersionLoggerListener.log Command line argument: -Djdk.tls.ephemeralDHKeySize=2048
14-Sep-2017 16:55:52.306 INFORMA합ES [main] org.apache.catalina.startup.VersionLoggerListener.log Command line argument: -Djava.protocol.handler.pkgs=org.apache.catalina.webresources
14-Sep-2017 16:55:52.306 INFORMA합ES [main] org.apache.catalina.startup.VersionLoggerListener.log Command line argument: -Dcatalina.base=C:\Users\adminLocal\Desktop\workspace\tomcat
14-Sep-2017 16:55:52.306 INFORMA합ES [main] org.apache.catalina.startup.VersionLoggerListener.log Command line argument: -Dcatalina.home=C:\Users\adminLocal\Desktop\workspace\tomcat
14-Sep-2017 16:55:52.306 INFORMA합ES [main] org.apache.catalina.startup.VersionLoggerListener.log Command line argument: -Djava.io.tmpdir=C:\Users\adminLocal\Desktop\workspace\tomcat\temp
14-Sep-2017 16:55:52.306 INFORMA합ES [main] org.apache.catalina.core.AprLifecycleListener.lifecycleEvent Loaded APR based Apache Tomcat Native library [1.2.12] using APR version [1.5.2].
14-Sep-2017 16:55:52.306 INFORMA합ES [main] org.apache.catalina.core.AprLifecycleListener.lifecycleEvent APR capabilities: IPv6 [true], sendfile [true], accept filters [false], random [true].
14-Sep-2017 16:55:52.306 INFORMA합ES [main] org.apache.catalina.core.AprLifecycleListener.lifecycleEvent APR/OpenSSL configuration: useAprConnector [false], useOpenSSL [true]
14-Sep-2017 16:55:52.838 INFORMA합ES [main] org.apache.catalina.core.AprLifecycleListener.initializeSSL OpenSSL successfully initialized [OpenSSL 1.0.2k  26 Jan 2017]
14-Sep-2017 16:55:52.931 INFORMA합ES [main] org.apache.coyote.AbstractProtocol.init Initializing ProtocolHandler ["http-nio-8080"]
14-Sep-2017 16:55:52.947 GRAVE [main] org.apache.catalina.util.LifecycleBase.handleSubClassException Failed to initialize component [Connector[HTTP/1.1-8080]]
 org.apache.catalina.LifecycleException: Protocol handler initialization failed
	at org.apache.catalina.connector.Connector.initInternal(Connector.java:935)
	at org.apache.catalina.util.LifecycleBase.init(LifecycleBase.java:136)
	at org.apache.catalina.core.StandardService.initInternal(StandardService.java:530)
	at org.apache.catalina.util.LifecycleBase.init(LifecycleBase.java:136)
	at org.apache.catalina.core.StandardServer.initInternal(StandardServer.java:852)
	at org.apache.catalina.util.LifecycleBase.init(LifecycleBase.java:136)
	at org.apache.catalina.startup.Catalina.load(Catalina.java:608)
	at org.apache.catalina.startup.Catalina.load(Catalina.java:631)
	at sun.reflect.NativeMethodAccessorImpl.invoke0(Native Method)
	at sun.reflect.NativeMethodAccessorImpl.invoke(NativeMethodAccessorImpl.java:62)
	at sun.reflect.DelegatingMethodAccessorImpl.invoke(DelegatingMethodAccessorImpl.java:43)
	at java.lang.reflect.Method.invoke(Method.java:498)
	at org.apache.catalina.startup.Bootstrap.load(Bootstrap.java:311)
	at org.apache.catalina.startup.Bootstrap.main(Bootstrap.java:494)
Caused by: java.net.BindException: Address already in use: bind
	at sun.nio.ch.Net.bind0(Native Method)
	at sun.nio.ch.Net.bind(Net.java:433)
	at sun.nio.ch.Net.bind(Net.java:425)
	at sun.nio.ch.ServerSocketChannelImpl.bind(ServerSocketChannelImpl.java:223)
	at sun.nio.ch.ServerSocketAdaptor.bind(ServerSocketAdaptor.java:74)
	at org.apache.tomcat.util.net.NioEndpoint.initServerSocket(NioEndpoint.java:227)
	at org.apache.tomcat.util.net.NioEndpoint.bind(NioEndpoint.java:202)
	at org.apache.tomcat.util.net.AbstractEndpoint.init(AbstractEndpoint.java:950)
	at org.apache.coyote.AbstractProtocol.init(AbstractProtocol.java:573)
	at org.apache.coyote.http11.AbstractHttp11Protocol.init(AbstractHttp11Protocol.java:70)
	at org.apache.catalina.connector.Connector.initInternal(Connector.java:932)
	... 13 more

14-Sep-2017 16:55:52.947 INFORMA합ES [main] org.apache.coyote.AbstractProtocol.init Initializing ProtocolHandler ["ajp-nio-8009"]
14-Sep-2017 16:55:52.947 GRAVE [main] org.apache.catalina.util.LifecycleBase.handleSubClassException Failed to initialize component [Connector[AJP/1.3-8009]]
 org.apache.catalina.LifecycleException: Protocol handler initialization failed
	at org.apache.catalina.connector.Connector.initInternal(Connector.java:935)
	at org.apache.catalina.util.LifecycleBase.init(LifecycleBase.java:136)
	at org.apache.catalina.core.StandardService.initInternal(StandardService.java:530)
	at org.apache.catalina.util.LifecycleBase.init(LifecycleBase.java:136)
	at org.apache.catalina.core.StandardServer.initInternal(StandardServer.java:852)
	at org.apache.catalina.util.LifecycleBase.init(LifecycleBase.java:136)
	at org.apache.catalina.startup.Catalina.load(Catalina.java:608)
	at org.apache.catalina.startup.Catalina.load(Catalina.java:631)
	at sun.reflect.NativeMethodAccessorImpl.invoke0(Native Method)
	at sun.reflect.NativeMethodAccessorImpl.invoke(NativeMethodAccessorImpl.java:62)
	at sun.reflect.DelegatingMethodAccessorImpl.invoke(DelegatingMethodAccessorImpl.java:43)
	at java.lang.reflect.Method.invoke(Method.java:498)
	at org.apache.catalina.startup.Bootstrap.load(Bootstrap.java:311)
	at org.apache.catalina.startup.Bootstrap.main(Bootstrap.java:494)
Caused by: java.net.BindException: Address already in use: bind
	at sun.nio.ch.Net.bind0(Native Method)
	at sun.nio.ch.Net.bind(Net.java:433)
	at sun.nio.ch.Net.bind(Net.java:425)
	at sun.nio.ch.ServerSocketChannelImpl.bind(ServerSocketChannelImpl.java:223)
	at sun.nio.ch.ServerSocketAdaptor.bind(ServerSocketAdaptor.java:74)
	at org.apache.tomcat.util.net.NioEndpoint.initServerSocket(NioEndpoint.java:227)
	at org.apache.tomcat.util.net.NioEndpoint.bind(NioEndpoint.java:202)
	at org.apache.tomcat.util.net.AbstractEndpoint.init(AbstractEndpoint.java:950)
	at org.apache.coyote.AbstractProtocol.init(AbstractProtocol.java:573)
	at org.apache.catalina.connector.Connector.initInternal(Connector.java:932)
	... 13 more

14-Sep-2017 16:55:52.947 INFORMA합ES [main] org.apache.catalina.startup.Catalina.load Initialization processed in 879 ms
14-Sep-2017 16:55:52.963 INFORMA합ES [main] org.apache.catalina.core.StandardService.startInternal Starting service [Catalina]
14-Sep-2017 16:55:52.963 INFORMA합ES [main] org.apache.catalina.core.StandardEngine.startInternal Starting Servlet Engine: Apache Tomcat/9.0.0.M26
14-Sep-2017 16:55:52.978 INFORMA합ES [main] org.apache.catalina.startup.HostConfig.deployDirectory Deploying web application directory [C:\Users\adminLocal\Desktop\workspace\tomcat\webapps\docs]
14-Sep-2017 16:55:53.197 INFORMA합ES [main] org.apache.catalina.startup.HostConfig.deployDirectory Deployment of web application directory [C:\Users\adminLocal\Desktop\workspace\tomcat\webapps\docs] has finished in [219] ms
14-Sep-2017 16:55:53.197 INFORMA합ES [main] org.apache.catalina.startup.HostConfig.deployDirectory Deploying web application directory [C:\Users\adminLocal\Desktop\workspace\tomcat\webapps\examples]
14-Sep-2017 16:55:53.416 INFORMA합ES [main] org.apache.catalina.startup.HostConfig.deployDirectory Deployment of web application directory [C:\Users\adminLocal\Desktop\workspace\tomcat\webapps\examples] has finished in [219] ms
14-Sep-2017 16:55:53.416 INFORMA합ES [main] org.apache.catalina.startup.HostConfig.deployDirectory Deploying web application directory [C:\Users\adminLocal\Desktop\workspace\tomcat\webapps\host-manager]
14-Sep-2017 16:55:53.463 INFORMA합ES [main] org.apache.catalina.startup.HostConfig.deployDirectory Deployment of web application directory [C:\Users\adminLocal\Desktop\workspace\tomcat\webapps\host-manager] has finished in [47] ms
14-Sep-2017 16:55:53.463 INFORMA합ES [main] org.apache.catalina.startup.HostConfig.deployDirectory Deploying web application directory [C:\Users\adminLocal\Desktop\workspace\tomcat\webapps\manager]
14-Sep-2017 16:55:53.478 INFORMA합ES [main] org.apache.catalina.startup.HostConfig.deployDirectory Deployment of web application directory [C:\Users\adminLocal\Desktop\workspace\tomcat\webapps\manager] has finished in [15] ms
14-Sep-2017 16:55:53.478 INFORMA합ES [main] org.apache.catalina.startup.HostConfig.deployDirectory Deploying web application directory [C:\Users\adminLocal\Desktop\workspace\tomcat\webapps\ROOT]
14-Sep-2017 16:55:53.494 INFORMA합ES [main] org.apache.catalina.startup.HostConfig.deployDirectory Deployment of web application directory [C:\Users\adminLocal\Desktop\workspace\tomcat\webapps\ROOT] has finished in [16] ms
14-Sep-2017 16:55:53.494 INFORMA합ES [main] org.apache.catalina.startup.Catalina.start Server startup in 550 ms
14-Sep-2017 16:55:53.494 GRAVE [main] org.apache.catalina.core.StandardServer.await StandardServer.await: create[localhost:8005]: 
 java.net.BindException: Address already in use: JVM_Bind
	at java.net.DualStackPlainSocketImpl.bind0(Native Method)
	at java.net.DualStackPlainSocketImpl.socketBind(DualStackPlainSocketImpl.java:106)
	at java.net.AbstractPlainSocketImpl.bind(AbstractPlainSocketImpl.java:387)
	at java.net.PlainSocketImpl.bind(PlainSocketImpl.java:190)
	at java.net.ServerSocket.bind(ServerSocket.java:375)
	at java.net.ServerSocket.<init>(ServerSocket.java:237)
	at org.apache.catalina.core.StandardServer.await(StandardServer.java:422)
	at org.apache.catalina.startup.Catalina.await(Catalina.java:745)
	at org.apache.catalina.startup.Catalina.start(Catalina.java:691)
	at sun.reflect.NativeMethodAccessorImpl.invoke0(Native Method)
	at sun.reflect.NativeMethodAccessorImpl.invoke(NativeMethodAccessorImpl.java:62)
	at sun.reflect.DelegatingMethodAccessorImpl.invoke(DelegatingMethodAccessorImpl.java:43)
	at java.lang.reflect.Method.invoke(Method.java:498)
	at org.apache.catalina.startup.Bootstrap.start(Bootstrap.java:355)
	at org.apache.catalina.startup.Bootstrap.main(Bootstrap.java:495)

14-Sep-2017 16:55:53.494 INFORMA합ES [main] org.apache.coyote.AbstractProtocol.pause Pausing ProtocolHandler ["http-nio-8080"]
14-Sep-2017 16:55:53.494 INFORMA합ES [main] org.apache.coyote.AbstractProtocol.pause Pausing ProtocolHandler ["ajp-nio-8009"]
14-Sep-2017 16:55:53.494 INFORMA합ES [main] org.apache.catalina.core.StandardService.stopInternal Stopping service [Catalina]
14-Sep-2017 16:55:53.510 INFORMA합ES [main] org.apache.coyote.AbstractProtocol.stop Stopping ProtocolHandler ["http-nio-8080"]
14-Sep-2017 16:55:53.525 INFORMA합ES [main] org.apache.coyote.AbstractProtocol.destroy Destroying ProtocolHandler ["http-nio-8080"]
14-Sep-2017 16:55:53.525 INFORMA합ES [main] org.apache.coyote.AbstractProtocol.stop Stopping ProtocolHandler ["ajp-nio-8009"]
14-Sep-2017 16:55:53.525 INFORMA합ES [main] org.apache.coyote.AbstractProtocol.destroy Destroying ProtocolHandler ["ajp-nio-8009"]
14-Sep-2017 16:58:09.558 INFORMA합ES [Thread-5] org.apache.coyote.AbstractProtocol.pause Pausing ProtocolHandler ["http-nio-8080"]
14-Sep-2017 16:58:09.667 INFORMA합ES [Thread-5] org.apache.coyote.AbstractProtocol.pause Pausing ProtocolHandler ["ajp-nio-8009"]
14-Sep-2017 16:58:09.761 INFORMA합ES [Thread-5] org.apache.catalina.core.StandardService.stopInternal Stopping service [Catalina]
14-Sep-2017 16:58:09.808 INFORMA합ES [Thread-5] org.apache.coyote.AbstractProtocol.stop Stopping ProtocolHandler ["http-nio-8080"]
14-Sep-2017 16:58:09.808 INFORMA합ES [Thread-5] org.apache.coyote.AbstractProtocol.stop Stopping ProtocolHandler ["ajp-nio-8009"]
14-Sep-2017 16:58:09.808 INFORMA합ES [Thread-5] org.apache.coyote.AbstractProtocol.destroy Destroying ProtocolHandler ["http-nio-8080"]
14-Sep-2017 16:58:09.808 INFORMA합ES [Thread-5] org.apache.coyote.AbstractProtocol.destroy Destroying ProtocolHandler ["ajp-nio-8009"]
14-Sep-2017 16:58:13.721 GRAVE [main] org.apache.catalina.startup.Catalina.stopServer Could not contact [localhost:[8005]]. Tomcat may not be running.
14-Sep-2017 16:58:13.721 GRAVE [main] org.apache.catalina.startup.Catalina.stopServer Catalina.stop: 
 java.net.ConnectException: Connection refused: connect
	at java.net.DualStackPlainSocketImpl.connect0(Native Method)
	at java.net.DualStackPlainSocketImpl.socketConnect(DualStackPlainSocketImpl.java:79)
	at java.net.AbstractPlainSocketImpl.doConnect(AbstractPlainSocketImpl.java:350)
	at java.net.AbstractPlainSocketImpl.connectToAddress(AbstractPlainSocketImpl.java:206)
	at java.net.AbstractPlainSocketImpl.connect(AbstractPlainSocketImpl.java:188)
	at java.net.PlainSocketImpl.connect(PlainSocketImpl.java:172)
	at java.net.SocksSocketImpl.connect(SocksSocketImpl.java:392)
	at java.net.Socket.connect(Socket.java:589)
	at java.net.Socket.connect(Socket.java:538)
	at java.net.Socket.<init>(Socket.java:434)
	at java.net.Socket.<init>(Socket.java:211)
	at org.apache.catalina.startup.Catalina.stopServer(Catalina.java:478)
	at sun.reflect.NativeMethodAccessorImpl.invoke0(Native Method)
	at sun.reflect.NativeMethodAccessorImpl.invoke(NativeMethodAccessorImpl.java:62)
	at sun.reflect.DelegatingMethodAccessorImpl.invoke(DelegatingMethodAccessorImpl.java:43)
	at java.lang.reflect.Method.invoke(Method.java:498)
	at org.apache.catalina.startup.Bootstrap.stopServer(Bootstrap.java:408)
	at org.apache.catalina.startup.Bootstrap.main(Bootstrap.java:497)

14-Sep-2017 16:58:15.912 INFORMA합ES [main] org.apache.catalina.startup.VersionLoggerListener.log Server version:        Apache Tomcat/9.0.0.M26
14-Sep-2017 16:58:15.912 INFORMA합ES [main] org.apache.catalina.startup.VersionLoggerListener.log Server built:          Aug 2 2017 20:29:05 UTC
14-Sep-2017 16:58:15.912 INFORMA합ES [main] org.apache.catalina.startup.VersionLoggerListener.log Server number:         9.0.0.0
14-Sep-2017 16:58:15.912 INFORMA합ES [main] org.apache.catalina.startup.VersionLoggerListener.log OS Name:               Windows 10
14-Sep-2017 16:58:15.912 INFORMA합ES [main] org.apache.catalina.startup.VersionLoggerListener.log OS Version:            10.0
14-Sep-2017 16:58:15.912 INFORMA합ES [main] org.apache.catalina.startup.VersionLoggerListener.log Architecture:          amd64
14-Sep-2017 16:58:15.912 INFORMA합ES [main] org.apache.catalina.startup.VersionLoggerListener.log Java Home:             C:\Program Files\Java\jdk1.8.0_144\jre
14-Sep-2017 16:58:15.912 INFORMA합ES [main] org.apache.catalina.startup.VersionLoggerListener.log JVM Version:           1.8.0_144-b01
14-Sep-2017 16:58:15.912 INFORMA합ES [main] org.apache.catalina.startup.VersionLoggerListener.log JVM Vendor:            Oracle Corporation
14-Sep-2017 16:58:15.912 INFORMA합ES [main] org.apache.catalina.startup.VersionLoggerListener.log CATALINA_BASE:         C:\Users\adminLocal\Desktop\workspace\tomcat
14-Sep-2017 16:58:15.912 INFORMA합ES [main] org.apache.catalina.startup.VersionLoggerListener.log CATALINA_HOME:         C:\Users\adminLocal\Desktop\workspace\tomcat
14-Sep-2017 16:58:15.912 INFORMA합ES [main] org.apache.catalina.startup.VersionLoggerListener.log Command line argument: -Djava.util.logging.config.file=C:\Users\adminLocal\Desktop\workspace\tomcat\conf\logging.properties
14-Sep-2017 16:58:15.912 INFORMA합ES [main] org.apache.catalina.startup.VersionLoggerListener.log Command line argument: -Djava.util.logging.manager=org.apache.juli.ClassLoaderLogManager
14-Sep-2017 16:58:15.912 INFORMA합ES [main] org.apache.catalina.startup.VersionLoggerListener.log Command line argument: -Djdk.tls.ephemeralDHKeySize=2048
14-Sep-2017 16:58:15.912 INFORMA합ES [main] org.apache.catalina.startup.VersionLoggerListener.log Command line argument: -Djava.protocol.handler.pkgs=org.apache.catalina.webresources
14-Sep-2017 16:58:15.912 INFORMA합ES [main] org.apache.catalina.startup.VersionLoggerListener.log Command line argument: -Dcatalina.base=C:\Users\adminLocal\Desktop\workspace\tomcat
14-Sep-2017 16:58:15.912 INFORMA합ES [main] org.apache.catalina.startup.VersionLoggerListener.log Command line argument: -Dcatalina.home=C:\Users\adminLocal\Desktop\workspace\tomcat
14-Sep-2017 16:58:15.912 INFORMA합ES [main] org.apache.catalina.startup.VersionLoggerListener.log Command line argument: -Djava.io.tmpdir=C:\Users\adminLocal\Desktop\workspace\tomcat\temp
14-Sep-2017 16:58:15.912 INFORMA합ES [main] org.apache.catalina.core.AprLifecycleListener.lifecycleEvent Loaded APR based Apache Tomcat Native library [1.2.12] using APR version [1.5.2].
14-Sep-2017 16:58:15.912 INFORMA합ES [main] org.apache.catalina.core.AprLifecycleListener.lifecycleEvent APR capabilities: IPv6 [true], sendfile [true], accept filters [false], random [true].
14-Sep-2017 16:58:15.912 INFORMA합ES [main] org.apache.catalina.core.AprLifecycleListener.lifecycleEvent APR/OpenSSL configuration: useAprConnector [false], useOpenSSL [true]
14-Sep-2017 16:58:16.427 INFORMA합ES [main] org.apache.catalina.core.AprLifecycleListener.initializeSSL OpenSSL successfully initialized [OpenSSL 1.0.2k  26 Jan 2017]
14-Sep-2017 16:58:16.521 INFORMA합ES [main] org.apache.coyote.AbstractProtocol.init Initializing ProtocolHandler ["http-nio-8080"]
14-Sep-2017 16:58:16.552 INFORMA합ES [main] org.apache.tomcat.util.net.NioSelectorPool.getSharedSelector Using a shared selector for servlet write/read
14-Sep-2017 16:58:16.568 INFORMA합ES [main] org.apache.coyote.AbstractProtocol.init Initializing ProtocolHandler ["ajp-nio-8009"]
14-Sep-2017 16:58:16.568 INFORMA합ES [main] org.apache.tomcat.util.net.NioSelectorPool.getSharedSelector Using a shared selector for servlet write/read
14-Sep-2017 16:58:16.568 INFORMA합ES [main] org.apache.catalina.startup.Catalina.load Initialization processed in 892 ms
14-Sep-2017 16:58:16.584 INFORMA합ES [main] org.apache.catalina.core.StandardService.startInternal Starting service [Catalina]
14-Sep-2017 16:58:16.584 INFORMA합ES [main] org.apache.catalina.core.StandardEngine.startInternal Starting Servlet Engine: Apache Tomcat/9.0.0.M26
14-Sep-2017 16:58:16.599 INFORMA합ES [main] org.apache.catalina.startup.HostConfig.deployDirectory Deploying web application directory [C:\Users\adminLocal\Desktop\workspace\tomcat\webapps\docs]
14-Sep-2017 16:58:16.802 INFORMA합ES [main] org.apache.catalina.startup.HostConfig.deployDirectory Deployment of web application directory [C:\Users\adminLocal\Desktop\workspace\tomcat\webapps\docs] has finished in [203] ms
14-Sep-2017 16:58:16.802 INFORMA합ES [main] org.apache.catalina.startup.HostConfig.deployDirectory Deploying web application directory [C:\Users\adminLocal\Desktop\workspace\tomcat\webapps\examples]
14-Sep-2017 16:58:17.037 INFORMA합ES [main] org.apache.catalina.startup.HostConfig.deployDirectory Deployment of web application directory [C:\Users\adminLocal\Desktop\workspace\tomcat\webapps\examples] has finished in [235] ms
14-Sep-2017 16:58:17.037 INFORMA합ES [main] org.apache.catalina.startup.HostConfig.deployDirectory Deploying web application directory [C:\Users\adminLocal\Desktop\workspace\tomcat\webapps\host-manager]
14-Sep-2017 16:58:17.068 INFORMA합ES [main] org.apache.catalina.startup.HostConfig.deployDirectory Deployment of web application directory [C:\Users\adminLocal\Desktop\workspace\tomcat\webapps\host-manager] has finished in [31] ms
14-Sep-2017 16:58:17.068 INFORMA합ES [main] org.apache.catalina.startup.HostConfig.deployDirectory Deploying web application directory [C:\Users\adminLocal\Desktop\workspace\tomcat\webapps\manager]
14-Sep-2017 16:58:17.099 INFORMA합ES [main] org.apache.catalina.startup.HostConfig.deployDirectory Deployment of web application directory [C:\Users\adminLocal\Desktop\workspace\tomcat\webapps\manager] has finished in [31] ms
14-Sep-2017 16:58:17.099 INFORMA합ES [main] org.apache.catalina.startup.HostConfig.deployDirectory Deploying web application directory [C:\Users\adminLocal\Desktop\workspace\tomcat\webapps\ROOT]
14-Sep-2017 16:58:17.115 INFORMA합ES [main] org.apache.catalina.startup.HostConfig.deployDirectory Deployment of web application directory [C:\Users\adminLocal\Desktop\workspace\tomcat\webapps\ROOT] has finished in [16] ms
14-Sep-2017 16:58:17.115 INFORMA합ES [main] org.apache.coyote.AbstractProtocol.start Starting ProtocolHandler ["http-nio-8080"]
14-Sep-2017 16:58:17.131 INFORMA합ES [main] org.apache.coyote.AbstractProtocol.start Starting ProtocolHandler ["ajp-nio-8009"]
14-Sep-2017 16:58:17.131 INFORMA합ES [main] org.apache.catalina.startup.Catalina.start Server startup in 564 ms
14-Sep-2017 17:01:53.052 INFORMA합ES [main] org.apache.catalina.core.StandardServer.await A valid shutdown command was received via the shutdown port. Stopping the Server instance.
14-Sep-2017 17:01:53.052 INFORMA합ES [main] org.apache.coyote.AbstractProtocol.pause Pausing ProtocolHandler ["http-nio-8080"]
14-Sep-2017 17:01:53.067 INFORMA합ES [main] org.apache.coyote.AbstractProtocol.pause Pausing ProtocolHandler ["ajp-nio-8009"]
14-Sep-2017 17:01:53.145 INFORMA합ES [main] org.apache.catalina.core.StandardService.stopInternal Stopping service [Catalina]
14-Sep-2017 17:01:53.208 INFORMA합ES [main] org.apache.coyote.AbstractProtocol.stop Stopping ProtocolHandler ["http-nio-8080"]
14-Sep-2017 17:01:53.208 INFORMA합ES [main] org.apache.coyote.AbstractProtocol.stop Stopping ProtocolHandler ["ajp-nio-8009"]
14-Sep-2017 17:01:53.208 INFORMA합ES [main] org.apache.coyote.AbstractProtocol.destroy Destroying ProtocolHandler ["http-nio-8080"]
14-Sep-2017 17:01:53.224 INFORMA합ES [main] org.apache.coyote.AbstractProtocol.destroy Destroying ProtocolHandler ["ajp-nio-8009"]
14-Sep-2017 17:01:55.217 GRAVE [main] org.apache.catalina.startup.Catalina.stopServer Could not contact [localhost:[8005]]. Tomcat may not be running.
14-Sep-2017 17:01:55.217 GRAVE [main] org.apache.catalina.startup.Catalina.stopServer Catalina.stop: 
 java.net.ConnectException: Connection refused: connect
	at java.net.DualStackPlainSocketImpl.connect0(Native Method)
	at java.net.DualStackPlainSocketImpl.socketConnect(DualStackPlainSocketImpl.java:79)
	at java.net.AbstractPlainSocketImpl.doConnect(AbstractPlainSocketImpl.java:350)
	at java.net.AbstractPlainSocketImpl.connectToAddress(AbstractPlainSocketImpl.java:206)
	at java.net.AbstractPlainSocketImpl.connect(AbstractPlainSocketImpl.java:188)
	at java.net.PlainSocketImpl.connect(PlainSocketImpl.java:172)
	at java.net.SocksSocketImpl.connect(SocksSocketImpl.java:392)
	at java.net.Socket.connect(Socket.java:589)
	at java.net.Socket.connect(Socket.java:538)
	at java.net.Socket.<init>(Socket.java:434)
	at java.net.Socket.<init>(Socket.java:211)
	at org.apache.catalina.startup.Catalina.stopServer(Catalina.java:478)
	at sun.reflect.NativeMethodAccessorImpl.invoke0(Native Method)
	at sun.reflect.NativeMethodAccessorImpl.invoke(NativeMethodAccessorImpl.java:62)
	at sun.reflect.DelegatingMethodAccessorImpl.invoke(DelegatingMethodAccessorImpl.java:43)
	at java.lang.reflect.Method.invoke(Method.java:498)
	at org.apache.catalina.startup.Bootstrap.stopServer(Bootstrap.java:408)
	at org.apache.catalina.startup.Bootstrap.main(Bootstrap.java:497)

