14-Sep-2017 12:50:51.091 INFORMA합ES [main] org.apache.catalina.core.ApplicationContext.log ContextListener: contextInitialized()
14-Sep-2017 12:50:51.091 INFORMA합ES [main] org.apache.catalina.core.ApplicationContext.log SessionListener: contextInitialized()
14-Sep-2017 12:53:33.252 INFORMA합ES [main] org.apache.catalina.core.ApplicationContext.log SessionListener: contextDestroyed()
14-Sep-2017 12:53:33.252 INFORMA합ES [main] org.apache.catalina.core.ApplicationContext.log ContextListener: contextDestroyed()
14-Sep-2017 12:53:36.812 INFORMA합ES [main] org.apache.catalina.core.ApplicationContext.log ContextListener: contextInitialized()
14-Sep-2017 12:53:36.812 INFORMA합ES [main] org.apache.catalina.core.ApplicationContext.log SessionListener: contextInitialized()
14-Sep-2017 12:53:57.580 INFORMA합ES [http-nio-8080-exec-1] org.apache.catalina.core.ApplicationContext.log ContextListener: attributeAdded('org.apache.jasper.runtime.JspApplicationContextImpl', 'org.apache.jasper.runtime.JspApplicationContextImpl@354dc2ef')
14-Sep-2017 12:53:57.645 INFORMA합ES [http-nio-8080-exec-1] org.apache.catalina.core.ApplicationContext.log ContextListener: attributeAdded('org.apache.jasper.compiler.ELInterpreter', 'org.apache.jasper.compiler.ELInterpreterFactory$DefaultELInterpreter@6d379756')
14-Sep-2017 12:53:58.085 INFORMA합ES [http-nio-8080-exec-1] org.apache.catalina.core.ApplicationContext.log SessionListener: sessionCreated('9C6C7E21A889245B459744904B423650')
14-Sep-2017 12:55:45.248 INFORMA합ES [main] org.apache.catalina.core.ApplicationContext.log SessionListener: contextDestroyed()
14-Sep-2017 12:55:45.248 INFORMA합ES [main] org.apache.catalina.core.ApplicationContext.log ContextListener: contextDestroyed()
14-Sep-2017 16:22:28.953 INFORMA합ES [main] org.apache.catalina.core.ApplicationContext.log ContextListener: contextInitialized()
14-Sep-2017 16:22:28.953 INFORMA합ES [main] org.apache.catalina.core.ApplicationContext.log SessionListener: contextInitialized()
14-Sep-2017 16:23:29.079 INFORMA합ES [ContainerBackgroundProcessor[StandardEngine[Catalina]]] org.apache.catalina.core.ApplicationContext.log SessionListener: sessionDestroyed('FC4F869F52577CC074F546D54994906A')
14-Sep-2017 16:33:38.375 INFORMA합ES [main] org.apache.catalina.core.ApplicationContext.log ContextListener: contextInitialized()
14-Sep-2017 16:33:38.375 INFORMA합ES [main] org.apache.catalina.core.ApplicationContext.log SessionListener: contextInitialized()
14-Sep-2017 16:34:55.523 INFORMA합ES [main] org.apache.catalina.core.ApplicationContext.log SessionListener: contextDestroyed()
14-Sep-2017 16:34:55.523 INFORMA합ES [main] org.apache.catalina.core.ApplicationContext.log ContextListener: contextDestroyed()
14-Sep-2017 16:43:53.994 INFORMA합ES [main] org.apache.catalina.core.ApplicationContext.log ContextListener: contextInitialized()
14-Sep-2017 16:43:53.994 INFORMA합ES [main] org.apache.catalina.core.ApplicationContext.log SessionListener: contextInitialized()
14-Sep-2017 16:45:53.596 INFORMA합ES [main] org.apache.catalina.core.ApplicationContext.log ContextListener: contextInitialized()
14-Sep-2017 16:45:53.596 INFORMA합ES [main] org.apache.catalina.core.ApplicationContext.log SessionListener: contextInitialized()
14-Sep-2017 16:47:09.910 INFORMA합ES [main] org.apache.catalina.core.ApplicationContext.log SessionListener: contextDestroyed()
14-Sep-2017 16:47:09.910 INFORMA합ES [main] org.apache.catalina.core.ApplicationContext.log ContextListener: contextDestroyed()
14-Sep-2017 16:47:12.915 INFORMA합ES [main] org.apache.catalina.core.ApplicationContext.log ContextListener: contextInitialized()
14-Sep-2017 16:47:12.915 INFORMA합ES [main] org.apache.catalina.core.ApplicationContext.log SessionListener: contextInitialized()
14-Sep-2017 16:51:29.378 INFORMA합ES [main] org.apache.catalina.core.ApplicationContext.log ContextListener: contextInitialized()
14-Sep-2017 16:51:29.378 INFORMA합ES [main] org.apache.catalina.core.ApplicationContext.log SessionListener: contextInitialized()
14-Sep-2017 16:52:11.522 INFORMA합ES [main] org.apache.catalina.core.ApplicationContext.log SessionListener: contextDestroyed()
14-Sep-2017 16:52:11.522 INFORMA합ES [main] org.apache.catalina.core.ApplicationContext.log ContextListener: contextDestroyed()
14-Sep-2017 16:52:20.122 INFORMA합ES [main] org.apache.catalina.core.ApplicationContext.log ContextListener: contextInitialized()
14-Sep-2017 16:52:20.122 INFORMA합ES [main] org.apache.catalina.core.ApplicationContext.log SessionListener: contextInitialized()
14-Sep-2017 16:55:53.416 INFORMA합ES [main] org.apache.catalina.core.ApplicationContext.log ContextListener: contextInitialized()
14-Sep-2017 16:55:53.416 INFORMA합ES [main] org.apache.catalina.core.ApplicationContext.log SessionListener: contextInitialized()
14-Sep-2017 16:55:53.510 INFORMA합ES [main] org.apache.catalina.core.ApplicationContext.log SessionListener: contextDestroyed()
14-Sep-2017 16:55:53.510 INFORMA합ES [main] org.apache.catalina.core.ApplicationContext.log ContextListener: contextDestroyed()
14-Sep-2017 16:58:09.792 INFORMA합ES [Thread-5] org.apache.catalina.core.ApplicationContext.log SessionListener: contextDestroyed()
14-Sep-2017 16:58:09.792 INFORMA합ES [Thread-5] org.apache.catalina.core.ApplicationContext.log ContextListener: contextDestroyed()
14-Sep-2017 16:58:17.037 INFORMA합ES [main] org.apache.catalina.core.ApplicationContext.log ContextListener: contextInitialized()
14-Sep-2017 16:58:17.037 INFORMA합ES [main] org.apache.catalina.core.ApplicationContext.log SessionListener: contextInitialized()
14-Sep-2017 17:01:53.177 INFORMA합ES [main] org.apache.catalina.core.ApplicationContext.log SessionListener: contextDestroyed()
14-Sep-2017 17:01:53.177 INFORMA합ES [main] org.apache.catalina.core.ApplicationContext.log ContextListener: contextDestroyed()
